16:27:33.841 [background-preinit] INFO  o.h.v.i.util.Version - [<clinit>,21] - HV000001: Hibernate Validator 6.2.5.Final
16:27:35.002 [main] INFO  c.a.n.c.r.client - [lambda$createClient$0,80] - [RpcClientFactory] create a new rpc client of e509480c-5f27-416a-81aa-c5c8c46415b9_config-0
16:27:35.052 [main] INFO  o.r.Reflections - [scan,232] - Reflections took 36 ms to scan 1 urls, producing 3 keys and 6 values 
16:27:35.082 [main] INFO  o.r.Reflections - [scan,232] - Reflections took 17 ms to scan 1 urls, producing 4 keys and 9 values 
16:27:35.098 [main] INFO  o.r.Reflections - [scan,232] - Reflections took 13 ms to scan 1 urls, producing 3 keys and 10 values 
16:27:35.319 [main] INFO  o.r.Reflections - [scan,232] - Reflections took 216 ms to scan 199 urls, producing 0 keys and 0 values 
16:27:35.330 [main] INFO  o.r.Reflections - [scan,232] - Reflections took 9 ms to scan 1 urls, producing 1 keys and 5 values 
16:27:35.341 [main] INFO  o.r.Reflections - [scan,232] - Reflections took 10 ms to scan 1 urls, producing 1 keys and 7 values 
16:27:35.352 [main] INFO  o.r.Reflections - [scan,232] - Reflections took 9 ms to scan 1 urls, producing 2 keys and 8 values 
16:27:35.521 [main] INFO  o.r.Reflections - [scan,232] - Reflections took 166 ms to scan 199 urls, producing 0 keys and 0 values 
16:27:35.522 [main] INFO  c.a.n.c.r.client - [printIfInfoEnabled,60] - [e509480c-5f27-416a-81aa-c5c8c46415b9_config-0] RpcClient init label, labels = {module=config, Vipserver-Tag=null, source=sdk, Amory-Tag=null, Location-Tag=null, taskId=0, AppName=unknown}
16:27:35.522 [main] INFO  c.a.n.c.r.client - [printIfInfoEnabled,60] - [e509480c-5f27-416a-81aa-c5c8c46415b9_config-0] Register server push request handler:com.alibaba.nacos.client.config.impl.ClientWorker$ConfigRpcTransportClient$$Lambda$336/1752535057
16:27:35.522 [main] INFO  c.a.n.c.r.client - [printIfInfoEnabled,60] - [e509480c-5f27-416a-81aa-c5c8c46415b9_config-0] Register server push request handler:com.alibaba.nacos.client.config.impl.ClientWorker$ConfigRpcTransportClient$$Lambda$337/2116299597
16:27:35.523 [main] INFO  c.a.n.c.r.client - [printIfInfoEnabled,60] - [e509480c-5f27-416a-81aa-c5c8c46415b9_config-0] Registry connection listener to current client:com.alibaba.nacos.client.config.impl.ClientWorker$ConfigRpcTransportClient$1
16:27:35.523 [main] INFO  c.a.n.c.r.client - [printIfInfoEnabled,60] - [e509480c-5f27-416a-81aa-c5c8c46415b9_config-0] RpcClient init, ServerListFactory = com.alibaba.nacos.client.config.impl.ClientWorker$ConfigRpcTransportClient$2
16:27:35.529 [main] INFO  c.a.n.c.r.client - [printIfInfoEnabled,60] - [e509480c-5f27-416a-81aa-c5c8c46415b9_config-0] Try to connect to server on start up, server: {serverIp = '127.0.0.1', server main port = 8848}
16:27:37.919 [main] INFO  c.a.n.c.r.client - [printIfInfoEnabled,60] - [e509480c-5f27-416a-81aa-c5c8c46415b9_config-0] Success to connect to server [127.0.0.1:8848] on start up, connectionId = 1739262457632_127.0.0.1_62840
16:27:37.921 [com.alibaba.nacos.client.remote.worker] INFO  c.a.n.c.r.client - [printIfInfoEnabled,60] - [e509480c-5f27-416a-81aa-c5c8c46415b9_config-0] Notify connected event to listeners.
16:27:37.921 [main] INFO  c.a.n.c.r.client - [printIfInfoEnabled,60] - [e509480c-5f27-416a-81aa-c5c8c46415b9_config-0] Register server push request handler:com.alibaba.nacos.common.remote.client.RpcClient$ConnectResetRequestHandler
16:27:37.923 [main] INFO  c.a.n.c.r.client - [printIfInfoEnabled,60] - [e509480c-5f27-416a-81aa-c5c8c46415b9_config-0] Register server push request handler:com.alibaba.nacos.common.remote.client.RpcClient$$Lambda$345/824357143
16:27:38.003 [main] INFO  c.n.s.RuoYiSystemApplication - [logStartupProfileInfo,637] - The following 1 profile is active: "dev"
16:27:40.349 [main] INFO  o.a.c.h.Http11NioProtocol - [log,173] - Initializing ProtocolHandler ["http-nio-9201"]
16:27:40.350 [main] INFO  o.a.c.c.StandardService - [log,173] - Starting service [Tomcat]
16:27:40.351 [main] INFO  o.a.c.c.StandardEngine - [log,173] - Starting Servlet engine: [Apache Tomcat/9.0.70]
16:27:40.573 [main] INFO  o.a.c.c.C.[.[.[/] - [log,173] - Initializing Spring embedded WebApplicationContext
16:27:41.085 [main] INFO  c.a.d.p.DruidDataSource - [init,996] - {dataSource-1,master} inited
16:27:41.086 [main] INFO  c.b.d.d.DynamicRoutingDataSource - [addDataSource,154] - dynamic-datasource - add a datasource named [master] success
16:27:41.086 [main] INFO  c.b.d.d.DynamicRoutingDataSource - [afterPropertiesSet,234] - dynamic-datasource initial loaded [1] datasource,primary datasource named [master]
16:27:41.757 [main] INFO  c.b.d.d.DynamicRoutingDataSource - [destroy,211] - dynamic-datasource start closing ....
16:27:41.759 [main] INFO  c.a.d.p.DruidDataSource - [close,2138] - {dataSource-1} closing ...
16:27:41.767 [main] INFO  c.a.d.p.DruidDataSource - [close,2211] - {dataSource-1} closed
16:27:41.767 [main] INFO  c.b.d.d.DynamicRoutingDataSource - [destroy,215] - dynamic-datasource all closed success,bye
16:27:41.768 [main] INFO  o.a.c.c.StandardService - [log,173] - Stopping service [Tomcat]
16:30:44.563 [background-preinit] INFO  o.h.v.i.util.Version - [<clinit>,21] - HV000001: Hibernate Validator 6.2.5.Final
16:30:45.788 [main] INFO  c.a.n.c.r.client - [lambda$createClient$0,80] - [RpcClientFactory] create a new rpc client of 7de19623-41cc-4805-9ea5-742995439508_config-0
16:30:45.830 [main] INFO  o.r.Reflections - [scan,232] - Reflections took 30 ms to scan 1 urls, producing 3 keys and 6 values 
16:30:45.858 [main] INFO  o.r.Reflections - [scan,232] - Reflections took 15 ms to scan 1 urls, producing 4 keys and 9 values 
16:30:45.873 [main] INFO  o.r.Reflections - [scan,232] - Reflections took 13 ms to scan 1 urls, producing 3 keys and 10 values 
16:30:46.095 [main] INFO  o.r.Reflections - [scan,232] - Reflections took 217 ms to scan 199 urls, producing 0 keys and 0 values 
16:30:46.104 [main] INFO  o.r.Reflections - [scan,232] - Reflections took 9 ms to scan 1 urls, producing 1 keys and 5 values 
16:30:46.117 [main] INFO  o.r.Reflections - [scan,232] - Reflections took 10 ms to scan 1 urls, producing 1 keys and 7 values 
16:30:46.130 [main] INFO  o.r.Reflections - [scan,232] - Reflections took 10 ms to scan 1 urls, producing 2 keys and 8 values 
16:30:46.319 [main] INFO  o.r.Reflections - [scan,232] - Reflections took 186 ms to scan 199 urls, producing 0 keys and 0 values 
16:30:46.319 [main] INFO  c.a.n.c.r.client - [printIfInfoEnabled,60] - [7de19623-41cc-4805-9ea5-742995439508_config-0] RpcClient init label, labels = {module=config, Vipserver-Tag=null, source=sdk, Amory-Tag=null, Location-Tag=null, taskId=0, AppName=unknown}
16:30:46.320 [main] INFO  c.a.n.c.r.client - [printIfInfoEnabled,60] - [7de19623-41cc-4805-9ea5-742995439508_config-0] Register server push request handler:com.alibaba.nacos.client.config.impl.ClientWorker$ConfigRpcTransportClient$$Lambda$336/1752535057
16:30:46.321 [main] INFO  c.a.n.c.r.client - [printIfInfoEnabled,60] - [7de19623-41cc-4805-9ea5-742995439508_config-0] Register server push request handler:com.alibaba.nacos.client.config.impl.ClientWorker$ConfigRpcTransportClient$$Lambda$337/2116299597
16:30:46.321 [main] INFO  c.a.n.c.r.client - [printIfInfoEnabled,60] - [7de19623-41cc-4805-9ea5-742995439508_config-0] Registry connection listener to current client:com.alibaba.nacos.client.config.impl.ClientWorker$ConfigRpcTransportClient$1
16:30:46.321 [main] INFO  c.a.n.c.r.client - [printIfInfoEnabled,60] - [7de19623-41cc-4805-9ea5-742995439508_config-0] RpcClient init, ServerListFactory = com.alibaba.nacos.client.config.impl.ClientWorker$ConfigRpcTransportClient$2
16:30:46.329 [main] INFO  c.a.n.c.r.client - [printIfInfoEnabled,60] - [7de19623-41cc-4805-9ea5-742995439508_config-0] Try to connect to server on start up, server: {serverIp = '127.0.0.1', server main port = 8848}
16:30:48.720 [main] INFO  c.a.n.c.r.client - [printIfInfoEnabled,60] - [7de19623-41cc-4805-9ea5-742995439508_config-0] Success to connect to server [127.0.0.1:8848] on start up, connectionId = 1739262648479_127.0.0.1_63119
16:30:48.721 [com.alibaba.nacos.client.remote.worker] INFO  c.a.n.c.r.client - [printIfInfoEnabled,60] - [7de19623-41cc-4805-9ea5-742995439508_config-0] Notify connected event to listeners.
16:30:48.721 [main] INFO  c.a.n.c.r.client - [printIfInfoEnabled,60] - [7de19623-41cc-4805-9ea5-742995439508_config-0] Register server push request handler:com.alibaba.nacos.common.remote.client.RpcClient$ConnectResetRequestHandler
16:30:48.721 [main] INFO  c.a.n.c.r.client - [printIfInfoEnabled,60] - [7de19623-41cc-4805-9ea5-742995439508_config-0] Register server push request handler:com.alibaba.nacos.common.remote.client.RpcClient$$Lambda$345/824357143
16:30:48.794 [main] INFO  c.n.s.RuoYiSystemApplication - [logStartupProfileInfo,637] - The following 1 profile is active: "dev"
16:30:51.499 [main] INFO  o.a.c.h.Http11NioProtocol - [log,173] - Initializing ProtocolHandler ["http-nio-9201"]
16:30:51.499 [main] INFO  o.a.c.c.StandardService - [log,173] - Starting service [Tomcat]
16:30:51.500 [main] INFO  o.a.c.c.StandardEngine - [log,173] - Starting Servlet engine: [Apache Tomcat/9.0.70]
16:30:51.817 [main] INFO  o.a.c.c.C.[.[.[/] - [log,173] - Initializing Spring embedded WebApplicationContext
16:30:52.338 [main] INFO  c.a.d.p.DruidDataSource - [init,996] - {dataSource-1,master} inited
16:30:52.340 [main] INFO  c.b.d.d.DynamicRoutingDataSource - [addDataSource,154] - dynamic-datasource - add a datasource named [master] success
16:30:52.340 [main] INFO  c.b.d.d.DynamicRoutingDataSource - [afterPropertiesSet,234] - dynamic-datasource initial loaded [1] datasource,primary datasource named [master]
16:30:52.803 [main] INFO  c.b.d.d.DynamicRoutingDataSource - [destroy,211] - dynamic-datasource start closing ....
16:30:52.805 [main] INFO  c.a.d.p.DruidDataSource - [close,2138] - {dataSource-1} closing ...
16:30:52.816 [main] INFO  c.a.d.p.DruidDataSource - [close,2211] - {dataSource-1} closed
16:30:52.816 [main] INFO  c.b.d.d.DynamicRoutingDataSource - [destroy,215] - dynamic-datasource all closed success,bye
16:30:52.818 [main] INFO  o.a.c.c.StandardService - [log,173] - Stopping service [Tomcat]
16:38:52.815 [background-preinit] INFO  o.h.v.i.util.Version - [<clinit>,21] - HV000001: Hibernate Validator 6.2.5.Final
16:38:54.410 [main] INFO  c.a.n.c.r.client - [lambda$createClient$0,80] - [RpcClientFactory] create a new rpc client of 92c173f3-3a9d-4531-bcb9-4d2adf44a0ac_config-0
16:38:54.454 [main] INFO  o.r.Reflections - [scan,232] - Reflections took 29 ms to scan 1 urls, producing 3 keys and 6 values 
16:38:54.490 [main] INFO  o.r.Reflections - [scan,232] - Reflections took 21 ms to scan 1 urls, producing 4 keys and 9 values 
16:38:54.510 [main] INFO  o.r.Reflections - [scan,232] - Reflections took 18 ms to scan 1 urls, producing 3 keys and 10 values 
16:38:54.767 [main] INFO  o.r.Reflections - [scan,232] - Reflections took 254 ms to scan 199 urls, producing 0 keys and 0 values 
16:38:54.778 [main] INFO  o.r.Reflections - [scan,232] - Reflections took 10 ms to scan 1 urls, producing 1 keys and 5 values 
16:38:54.789 [main] INFO  o.r.Reflections - [scan,232] - Reflections took 8 ms to scan 1 urls, producing 1 keys and 7 values 
16:38:54.803 [main] INFO  o.r.Reflections - [scan,232] - Reflections took 11 ms to scan 1 urls, producing 2 keys and 8 values 
16:38:55.013 [main] INFO  o.r.Reflections - [scan,232] - Reflections took 207 ms to scan 199 urls, producing 0 keys and 0 values 
16:38:55.014 [main] INFO  c.a.n.c.r.client - [printIfInfoEnabled,60] - [92c173f3-3a9d-4531-bcb9-4d2adf44a0ac_config-0] RpcClient init label, labels = {module=config, Vipserver-Tag=null, source=sdk, Amory-Tag=null, Location-Tag=null, taskId=0, AppName=unknown}
16:38:55.014 [main] INFO  c.a.n.c.r.client - [printIfInfoEnabled,60] - [92c173f3-3a9d-4531-bcb9-4d2adf44a0ac_config-0] Register server push request handler:com.alibaba.nacos.client.config.impl.ClientWorker$ConfigRpcTransportClient$$Lambda$336/1752535057
16:38:55.015 [main] INFO  c.a.n.c.r.client - [printIfInfoEnabled,60] - [92c173f3-3a9d-4531-bcb9-4d2adf44a0ac_config-0] Register server push request handler:com.alibaba.nacos.client.config.impl.ClientWorker$ConfigRpcTransportClient$$Lambda$337/2116299597
16:38:55.015 [main] INFO  c.a.n.c.r.client - [printIfInfoEnabled,60] - [92c173f3-3a9d-4531-bcb9-4d2adf44a0ac_config-0] Registry connection listener to current client:com.alibaba.nacos.client.config.impl.ClientWorker$ConfigRpcTransportClient$1
16:38:55.016 [main] INFO  c.a.n.c.r.client - [printIfInfoEnabled,60] - [92c173f3-3a9d-4531-bcb9-4d2adf44a0ac_config-0] RpcClient init, ServerListFactory = com.alibaba.nacos.client.config.impl.ClientWorker$ConfigRpcTransportClient$2
16:38:55.029 [main] INFO  c.a.n.c.r.client - [printIfInfoEnabled,60] - [92c173f3-3a9d-4531-bcb9-4d2adf44a0ac_config-0] Try to connect to server on start up, server: {serverIp = '127.0.0.1', server main port = 8848}
16:38:57.750 [main] INFO  c.a.n.c.r.client - [printIfInfoEnabled,60] - [92c173f3-3a9d-4531-bcb9-4d2adf44a0ac_config-0] Success to connect to server [127.0.0.1:8848] on start up, connectionId = 1739263137466_127.0.0.1_63785
16:38:57.753 [com.alibaba.nacos.client.remote.worker] INFO  c.a.n.c.r.client - [printIfInfoEnabled,60] - [92c173f3-3a9d-4531-bcb9-4d2adf44a0ac_config-0] Notify connected event to listeners.
16:38:57.753 [main] INFO  c.a.n.c.r.client - [printIfInfoEnabled,60] - [92c173f3-3a9d-4531-bcb9-4d2adf44a0ac_config-0] Register server push request handler:com.alibaba.nacos.common.remote.client.RpcClient$ConnectResetRequestHandler
16:38:57.753 [main] INFO  c.a.n.c.r.client - [printIfInfoEnabled,60] - [92c173f3-3a9d-4531-bcb9-4d2adf44a0ac_config-0] Register server push request handler:com.alibaba.nacos.common.remote.client.RpcClient$$Lambda$345/824357143
16:38:57.826 [main] INFO  c.n.s.RuoYiSystemApplication - [logStartupProfileInfo,637] - The following 1 profile is active: "dev"
16:39:00.780 [main] INFO  o.a.c.h.Http11NioProtocol - [log,173] - Initializing ProtocolHandler ["http-nio-9201"]
16:39:00.781 [main] INFO  o.a.c.c.StandardService - [log,173] - Starting service [Tomcat]
16:39:00.781 [main] INFO  o.a.c.c.StandardEngine - [log,173] - Starting Servlet engine: [Apache Tomcat/9.0.70]
16:39:01.062 [main] INFO  o.a.c.c.C.[.[.[/] - [log,173] - Initializing Spring embedded WebApplicationContext
16:39:01.653 [main] INFO  c.a.d.p.DruidDataSource - [init,996] - {dataSource-1,master} inited
16:39:01.655 [main] INFO  c.b.d.d.DynamicRoutingDataSource - [addDataSource,154] - dynamic-datasource - add a datasource named [master] success
16:39:01.655 [main] INFO  c.b.d.d.DynamicRoutingDataSource - [afterPropertiesSet,234] - dynamic-datasource initial loaded [1] datasource,primary datasource named [master]
16:39:02.101 [main] INFO  c.b.d.d.DynamicRoutingDataSource - [destroy,211] - dynamic-datasource start closing ....
16:39:02.102 [main] INFO  c.a.d.p.DruidDataSource - [close,2138] - {dataSource-1} closing ...
16:39:02.108 [main] INFO  c.a.d.p.DruidDataSource - [close,2211] - {dataSource-1} closed
16:39:02.110 [main] INFO  c.b.d.d.DynamicRoutingDataSource - [destroy,215] - dynamic-datasource all closed success,bye
16:39:02.112 [main] INFO  o.a.c.c.StandardService - [log,173] - Stopping service [Tomcat]
16:41:46.686 [background-preinit] INFO  o.h.v.i.util.Version - [<clinit>,21] - HV000001: Hibernate Validator 6.2.5.Final
16:41:47.970 [main] INFO  c.a.n.c.r.client - [lambda$createClient$0,80] - [RpcClientFactory] create a new rpc client of ea4ce3f4-49fd-48ea-845a-9e21c8c30953_config-0
16:41:48.014 [main] INFO  o.r.Reflections - [scan,232] - Reflections took 31 ms to scan 1 urls, producing 3 keys and 6 values 
16:41:48.036 [main] INFO  o.r.Reflections - [scan,232] - Reflections took 12 ms to scan 1 urls, producing 4 keys and 9 values 
16:41:48.049 [main] INFO  o.r.Reflections - [scan,232] - Reflections took 11 ms to scan 1 urls, producing 3 keys and 10 values 
16:41:48.268 [main] INFO  o.r.Reflections - [scan,232] - Reflections took 216 ms to scan 199 urls, producing 0 keys and 0 values 
16:41:48.279 [main] INFO  o.r.Reflections - [scan,232] - Reflections took 10 ms to scan 1 urls, producing 1 keys and 5 values 
16:41:48.290 [main] INFO  o.r.Reflections - [scan,232] - Reflections took 9 ms to scan 1 urls, producing 1 keys and 7 values 
16:41:48.304 [main] INFO  o.r.Reflections - [scan,232] - Reflections took 11 ms to scan 1 urls, producing 2 keys and 8 values 
16:41:48.468 [main] INFO  o.r.Reflections - [scan,232] - Reflections took 162 ms to scan 199 urls, producing 0 keys and 0 values 
16:41:48.469 [main] INFO  c.a.n.c.r.client - [printIfInfoEnabled,60] - [ea4ce3f4-49fd-48ea-845a-9e21c8c30953_config-0] RpcClient init label, labels = {module=config, Vipserver-Tag=null, source=sdk, Amory-Tag=null, Location-Tag=null, taskId=0, AppName=unknown}
16:41:48.470 [main] INFO  c.a.n.c.r.client - [printIfInfoEnabled,60] - [ea4ce3f4-49fd-48ea-845a-9e21c8c30953_config-0] Register server push request handler:com.alibaba.nacos.client.config.impl.ClientWorker$ConfigRpcTransportClient$$Lambda$336/1752535057
16:41:48.470 [main] INFO  c.a.n.c.r.client - [printIfInfoEnabled,60] - [ea4ce3f4-49fd-48ea-845a-9e21c8c30953_config-0] Register server push request handler:com.alibaba.nacos.client.config.impl.ClientWorker$ConfigRpcTransportClient$$Lambda$337/2116299597
16:41:48.470 [main] INFO  c.a.n.c.r.client - [printIfInfoEnabled,60] - [ea4ce3f4-49fd-48ea-845a-9e21c8c30953_config-0] Registry connection listener to current client:com.alibaba.nacos.client.config.impl.ClientWorker$ConfigRpcTransportClient$1
16:41:48.471 [main] INFO  c.a.n.c.r.client - [printIfInfoEnabled,60] - [ea4ce3f4-49fd-48ea-845a-9e21c8c30953_config-0] RpcClient init, ServerListFactory = com.alibaba.nacos.client.config.impl.ClientWorker$ConfigRpcTransportClient$2
16:41:48.480 [main] INFO  c.a.n.c.r.client - [printIfInfoEnabled,60] - [ea4ce3f4-49fd-48ea-845a-9e21c8c30953_config-0] Try to connect to server on start up, server: {serverIp = '127.0.0.1', server main port = 8848}
16:41:51.274 [main] INFO  c.a.n.c.r.client - [printIfInfoEnabled,60] - [ea4ce3f4-49fd-48ea-845a-9e21c8c30953_config-0] Success to connect to server [127.0.0.1:8848] on start up, connectionId = 1739263311011_127.0.0.1_64052
16:41:51.276 [com.alibaba.nacos.client.remote.worker] INFO  c.a.n.c.r.client - [printIfInfoEnabled,60] - [ea4ce3f4-49fd-48ea-845a-9e21c8c30953_config-0] Notify connected event to listeners.
16:41:51.276 [main] INFO  c.a.n.c.r.client - [printIfInfoEnabled,60] - [ea4ce3f4-49fd-48ea-845a-9e21c8c30953_config-0] Register server push request handler:com.alibaba.nacos.common.remote.client.RpcClient$ConnectResetRequestHandler
16:41:51.276 [main] INFO  c.a.n.c.r.client - [printIfInfoEnabled,60] - [ea4ce3f4-49fd-48ea-845a-9e21c8c30953_config-0] Register server push request handler:com.alibaba.nacos.common.remote.client.RpcClient$$Lambda$345/824357143
16:41:51.473 [main] INFO  c.n.s.RuoYiSystemApplication - [logStartupProfileInfo,637] - The following 1 profile is active: "dev"
16:41:54.308 [main] INFO  o.a.c.h.Http11NioProtocol - [log,173] - Initializing ProtocolHandler ["http-nio-9201"]
16:41:54.310 [main] INFO  o.a.c.c.StandardService - [log,173] - Starting service [Tomcat]
16:41:54.310 [main] INFO  o.a.c.c.StandardEngine - [log,173] - Starting Servlet engine: [Apache Tomcat/9.0.70]
16:41:54.675 [main] INFO  o.a.c.c.C.[.[.[/] - [log,173] - Initializing Spring embedded WebApplicationContext
16:41:55.295 [main] INFO  c.a.d.p.DruidDataSource - [init,996] - {dataSource-1,master} inited
16:41:55.297 [main] INFO  c.b.d.d.DynamicRoutingDataSource - [addDataSource,154] - dynamic-datasource - add a datasource named [master] success
16:41:55.297 [main] INFO  c.b.d.d.DynamicRoutingDataSource - [afterPropertiesSet,234] - dynamic-datasource initial loaded [1] datasource,primary datasource named [master]
16:41:55.861 [main] INFO  c.b.d.d.DynamicRoutingDataSource - [destroy,211] - dynamic-datasource start closing ....
16:41:55.863 [main] INFO  c.a.d.p.DruidDataSource - [close,2138] - {dataSource-1} closing ...
16:41:55.872 [main] INFO  c.a.d.p.DruidDataSource - [close,2211] - {dataSource-1} closed
16:41:55.873 [main] INFO  c.b.d.d.DynamicRoutingDataSource - [destroy,215] - dynamic-datasource all closed success,bye
16:41:55.875 [main] INFO  o.a.c.c.StandardService - [log,173] - Stopping service [Tomcat]
16:49:12.148 [background-preinit] INFO  o.h.v.i.util.Version - [<clinit>,21] - HV000001: Hibernate Validator 6.2.5.Final
16:49:13.351 [main] INFO  c.a.n.c.r.client - [lambda$createClient$0,80] - [RpcClientFactory] create a new rpc client of 5c01fb17-aca5-4506-bb8d-fc4503726bad_config-0
16:49:13.401 [main] INFO  o.r.Reflections - [scan,232] - Reflections took 33 ms to scan 1 urls, producing 3 keys and 6 values 
16:49:13.438 [main] INFO  o.r.Reflections - [scan,232] - Reflections took 15 ms to scan 1 urls, producing 4 keys and 9 values 
16:49:13.455 [main] INFO  o.r.Reflections - [scan,232] - Reflections took 13 ms to scan 1 urls, producing 3 keys and 10 values 
16:49:13.685 [main] INFO  o.r.Reflections - [scan,232] - Reflections took 226 ms to scan 199 urls, producing 0 keys and 0 values 
16:49:13.700 [main] INFO  o.r.Reflections - [scan,232] - Reflections took 13 ms to scan 1 urls, producing 1 keys and 5 values 
16:49:13.718 [main] INFO  o.r.Reflections - [scan,232] - Reflections took 15 ms to scan 1 urls, producing 1 keys and 7 values 
16:49:13.730 [main] INFO  o.r.Reflections - [scan,232] - Reflections took 10 ms to scan 1 urls, producing 2 keys and 8 values 
16:49:13.933 [main] INFO  o.r.Reflections - [scan,232] - Reflections took 202 ms to scan 199 urls, producing 0 keys and 0 values 
16:49:13.934 [main] INFO  c.a.n.c.r.client - [printIfInfoEnabled,60] - [5c01fb17-aca5-4506-bb8d-fc4503726bad_config-0] RpcClient init label, labels = {module=config, Vipserver-Tag=null, source=sdk, Amory-Tag=null, Location-Tag=null, taskId=0, AppName=unknown}
16:49:13.935 [main] INFO  c.a.n.c.r.client - [printIfInfoEnabled,60] - [5c01fb17-aca5-4506-bb8d-fc4503726bad_config-0] Register server push request handler:com.alibaba.nacos.client.config.impl.ClientWorker$ConfigRpcTransportClient$$Lambda$336/1752535057
16:49:13.935 [main] INFO  c.a.n.c.r.client - [printIfInfoEnabled,60] - [5c01fb17-aca5-4506-bb8d-fc4503726bad_config-0] Register server push request handler:com.alibaba.nacos.client.config.impl.ClientWorker$ConfigRpcTransportClient$$Lambda$337/2116299597
16:49:13.937 [main] INFO  c.a.n.c.r.client - [printIfInfoEnabled,60] - [5c01fb17-aca5-4506-bb8d-fc4503726bad_config-0] Registry connection listener to current client:com.alibaba.nacos.client.config.impl.ClientWorker$ConfigRpcTransportClient$1
16:49:13.938 [main] INFO  c.a.n.c.r.client - [printIfInfoEnabled,60] - [5c01fb17-aca5-4506-bb8d-fc4503726bad_config-0] RpcClient init, ServerListFactory = com.alibaba.nacos.client.config.impl.ClientWorker$ConfigRpcTransportClient$2
16:49:13.946 [main] INFO  c.a.n.c.r.client - [printIfInfoEnabled,60] - [5c01fb17-aca5-4506-bb8d-fc4503726bad_config-0] Try to connect to server on start up, server: {serverIp = '127.0.0.1', server main port = 8848}
16:49:16.352 [main] INFO  c.a.n.c.r.client - [printIfInfoEnabled,60] - [5c01fb17-aca5-4506-bb8d-fc4503726bad_config-0] Success to connect to server [127.0.0.1:8848] on start up, connectionId = 1739263756068_127.0.0.1_64993
16:49:16.353 [com.alibaba.nacos.client.remote.worker] INFO  c.a.n.c.r.client - [printIfInfoEnabled,60] - [5c01fb17-aca5-4506-bb8d-fc4503726bad_config-0] Notify connected event to listeners.
16:49:16.354 [main] INFO  c.a.n.c.r.client - [printIfInfoEnabled,60] - [5c01fb17-aca5-4506-bb8d-fc4503726bad_config-0] Register server push request handler:com.alibaba.nacos.common.remote.client.RpcClient$ConnectResetRequestHandler
16:49:16.355 [main] INFO  c.a.n.c.r.client - [printIfInfoEnabled,60] - [5c01fb17-aca5-4506-bb8d-fc4503726bad_config-0] Register server push request handler:com.alibaba.nacos.common.remote.client.RpcClient$$Lambda$345/824357143
16:49:16.493 [main] INFO  c.n.s.RuoYiSystemApplication - [logStartupProfileInfo,637] - The following 1 profile is active: "dev"
16:49:19.095 [main] INFO  o.a.c.h.Http11NioProtocol - [log,173] - Initializing ProtocolHandler ["http-nio-9201"]
16:49:19.095 [main] INFO  o.a.c.c.StandardService - [log,173] - Starting service [Tomcat]
16:49:19.095 [main] INFO  o.a.c.c.StandardEngine - [log,173] - Starting Servlet engine: [Apache Tomcat/9.0.70]
16:49:19.312 [main] INFO  o.a.c.c.C.[.[.[/] - [log,173] - Initializing Spring embedded WebApplicationContext
16:49:19.720 [main] INFO  c.a.d.p.DruidDataSource - [init,996] - {dataSource-1,master} inited
16:49:19.722 [main] INFO  c.b.d.d.DynamicRoutingDataSource - [addDataSource,154] - dynamic-datasource - add a datasource named [master] success
16:49:19.723 [main] INFO  c.b.d.d.DynamicRoutingDataSource - [afterPropertiesSet,234] - dynamic-datasource initial loaded [1] datasource,primary datasource named [master]
16:49:20.290 [main] INFO  c.b.d.d.DynamicRoutingDataSource - [destroy,211] - dynamic-datasource start closing ....
16:49:20.294 [main] INFO  c.a.d.p.DruidDataSource - [close,2138] - {dataSource-1} closing ...
16:49:20.301 [main] INFO  c.a.d.p.DruidDataSource - [close,2211] - {dataSource-1} closed
16:49:20.301 [main] INFO  c.b.d.d.DynamicRoutingDataSource - [destroy,215] - dynamic-datasource all closed success,bye
16:49:20.303 [main] INFO  o.a.c.c.StandardService - [log,173] - Stopping service [Tomcat]
17:04:25.428 [background-preinit] INFO  o.h.v.i.util.Version - [<clinit>,21] - HV000001: Hibernate Validator 6.2.5.Final
17:04:26.752 [main] INFO  c.a.n.c.r.client - [lambda$createClient$0,80] - [RpcClientFactory] create a new rpc client of 5164b982-38c9-4d01-9b31-a06bded9978d_config-0
17:04:26.790 [main] INFO  o.r.Reflections - [scan,232] - Reflections took 26 ms to scan 1 urls, producing 3 keys and 6 values 
17:04:26.817 [main] INFO  o.r.Reflections - [scan,232] - Reflections took 15 ms to scan 1 urls, producing 4 keys and 9 values 
17:04:26.837 [main] INFO  o.r.Reflections - [scan,232] - Reflections took 16 ms to scan 1 urls, producing 3 keys and 10 values 
17:04:27.046 [main] INFO  o.r.Reflections - [scan,232] - Reflections took 206 ms to scan 199 urls, producing 0 keys and 0 values 
17:04:27.056 [main] INFO  o.r.Reflections - [scan,232] - Reflections took 8 ms to scan 1 urls, producing 1 keys and 5 values 
17:04:27.069 [main] INFO  o.r.Reflections - [scan,232] - Reflections took 11 ms to scan 1 urls, producing 1 keys and 7 values 
17:04:27.080 [main] INFO  o.r.Reflections - [scan,232] - Reflections took 8 ms to scan 1 urls, producing 2 keys and 8 values 
17:04:27.260 [main] INFO  o.r.Reflections - [scan,232] - Reflections took 178 ms to scan 199 urls, producing 0 keys and 0 values 
17:04:27.261 [main] INFO  c.a.n.c.r.client - [printIfInfoEnabled,60] - [5164b982-38c9-4d01-9b31-a06bded9978d_config-0] RpcClient init label, labels = {module=config, Vipserver-Tag=null, source=sdk, Amory-Tag=null, Location-Tag=null, taskId=0, AppName=unknown}
17:04:27.261 [main] INFO  c.a.n.c.r.client - [printIfInfoEnabled,60] - [5164b982-38c9-4d01-9b31-a06bded9978d_config-0] Register server push request handler:com.alibaba.nacos.client.config.impl.ClientWorker$ConfigRpcTransportClient$$Lambda$336/1752535057
17:04:27.261 [main] INFO  c.a.n.c.r.client - [printIfInfoEnabled,60] - [5164b982-38c9-4d01-9b31-a06bded9978d_config-0] Register server push request handler:com.alibaba.nacos.client.config.impl.ClientWorker$ConfigRpcTransportClient$$Lambda$337/2116299597
17:04:27.262 [main] INFO  c.a.n.c.r.client - [printIfInfoEnabled,60] - [5164b982-38c9-4d01-9b31-a06bded9978d_config-0] Registry connection listener to current client:com.alibaba.nacos.client.config.impl.ClientWorker$ConfigRpcTransportClient$1
17:04:27.262 [main] INFO  c.a.n.c.r.client - [printIfInfoEnabled,60] - [5164b982-38c9-4d01-9b31-a06bded9978d_config-0] RpcClient init, ServerListFactory = com.alibaba.nacos.client.config.impl.ClientWorker$ConfigRpcTransportClient$2
17:04:27.268 [main] INFO  c.a.n.c.r.client - [printIfInfoEnabled,60] - [5164b982-38c9-4d01-9b31-a06bded9978d_config-0] Try to connect to server on start up, server: {serverIp = '127.0.0.1', server main port = 8848}
17:04:29.944 [main] INFO  c.a.n.c.r.client - [printIfInfoEnabled,60] - [5164b982-38c9-4d01-9b31-a06bded9978d_config-0] Success to connect to server [127.0.0.1:8848] on start up, connectionId = 1739264669639_127.0.0.1_50848
17:04:29.945 [com.alibaba.nacos.client.remote.worker] INFO  c.a.n.c.r.client - [printIfInfoEnabled,60] - [5164b982-38c9-4d01-9b31-a06bded9978d_config-0] Notify connected event to listeners.
17:04:29.946 [main] INFO  c.a.n.c.r.client - [printIfInfoEnabled,60] - [5164b982-38c9-4d01-9b31-a06bded9978d_config-0] Register server push request handler:com.alibaba.nacos.common.remote.client.RpcClient$ConnectResetRequestHandler
17:04:29.947 [main] INFO  c.a.n.c.r.client - [printIfInfoEnabled,60] - [5164b982-38c9-4d01-9b31-a06bded9978d_config-0] Register server push request handler:com.alibaba.nacos.common.remote.client.RpcClient$$Lambda$345/824357143
17:04:30.025 [main] INFO  c.n.s.RuoYiSystemApplication - [logStartupProfileInfo,637] - The following 1 profile is active: "dev"
17:04:32.533 [main] INFO  o.a.c.h.Http11NioProtocol - [log,173] - Initializing ProtocolHandler ["http-nio-9201"]
17:04:32.533 [main] INFO  o.a.c.c.StandardService - [log,173] - Starting service [Tomcat]
17:04:32.534 [main] INFO  o.a.c.c.StandardEngine - [log,173] - Starting Servlet engine: [Apache Tomcat/9.0.70]
17:04:32.780 [main] INFO  o.a.c.c.C.[.[.[/] - [log,173] - Initializing Spring embedded WebApplicationContext
17:04:33.209 [main] INFO  c.a.d.p.DruidDataSource - [init,996] - {dataSource-1,master} inited
17:04:33.210 [main] INFO  c.b.d.d.DynamicRoutingDataSource - [addDataSource,154] - dynamic-datasource - add a datasource named [master] success
17:04:33.210 [main] INFO  c.b.d.d.DynamicRoutingDataSource - [afterPropertiesSet,234] - dynamic-datasource initial loaded [1] datasource,primary datasource named [master]
17:04:37.530 [main] INFO  c.a.c.s.SentinelWebMvcConfigurer - [addInterceptors,52] - [Sentinel Starter] register SentinelWebInterceptor with urlPatterns: [/**].
17:04:41.218 [main] INFO  c.a.n.c.r.client - [lambda$createClient$0,80] - [RpcClientFactory] create a new rpc client of 5818516f-efaf-4db9-8649-0f7ff6877024
17:04:41.218 [main] INFO  c.a.n.c.r.client - [printIfInfoEnabled,60] - [5818516f-efaf-4db9-8649-0f7ff6877024] RpcClient init label, labels = {module=naming, source=sdk}
17:04:41.220 [main] INFO  c.a.n.c.r.client - [printIfInfoEnabled,60] - [5818516f-efaf-4db9-8649-0f7ff6877024] RpcClient init, ServerListFactory = com.alibaba.nacos.client.naming.core.ServerListManager
17:04:41.220 [main] INFO  c.a.n.c.r.client - [printIfInfoEnabled,60] - [5818516f-efaf-4db9-8649-0f7ff6877024] Registry connection listener to current client:com.alibaba.nacos.client.naming.remote.gprc.redo.NamingGrpcRedoService
17:04:41.220 [main] INFO  c.a.n.c.r.client - [printIfInfoEnabled,60] - [5818516f-efaf-4db9-8649-0f7ff6877024] Register server push request handler:com.alibaba.nacos.client.naming.remote.gprc.NamingPushRequestHandler
17:04:41.220 [main] INFO  c.a.n.c.r.client - [printIfInfoEnabled,60] - [5818516f-efaf-4db9-8649-0f7ff6877024] Try to connect to server on start up, server: {serverIp = '127.0.0.1', server main port = 8848}
17:04:41.336 [main] INFO  c.a.n.c.r.client - [printIfInfoEnabled,60] - [5818516f-efaf-4db9-8649-0f7ff6877024] Success to connect to server [127.0.0.1:8848] on start up, connectionId = 1739264681224_127.0.0.1_50887
17:04:41.336 [com.alibaba.nacos.client.remote.worker] INFO  c.a.n.c.r.client - [printIfInfoEnabled,60] - [5818516f-efaf-4db9-8649-0f7ff6877024] Notify connected event to listeners.
17:04:41.336 [main] INFO  c.a.n.c.r.client - [printIfInfoEnabled,60] - [5818516f-efaf-4db9-8649-0f7ff6877024] Register server push request handler:com.alibaba.nacos.common.remote.client.RpcClient$ConnectResetRequestHandler
17:04:41.337 [main] INFO  c.a.n.c.r.client - [printIfInfoEnabled,60] - [5818516f-efaf-4db9-8649-0f7ff6877024] Register server push request handler:com.alibaba.nacos.common.remote.client.RpcClient$$Lambda$345/824357143
17:04:41.387 [main] INFO  o.a.c.h.Http11NioProtocol - [log,173] - Starting ProtocolHandler ["http-nio-9201"]
17:04:41.420 [main] INFO  c.a.c.n.r.NacosServiceRegistry - [register,75] - nacos registry, DEFAULT_GROUP nfypro-system 192.168.142.1:9201 register finished
17:04:41.929 [nacos-grpc-client-executor-5] INFO  c.a.n.c.r.client - [printIfInfoEnabled,60] - [5818516f-efaf-4db9-8649-0f7ff6877024] Receive server push request, request = NotifySubscriberRequest, requestId = 6
17:04:41.934 [nacos-grpc-client-executor-5] INFO  c.a.n.c.r.client - [printIfInfoEnabled,60] - [5818516f-efaf-4db9-8649-0f7ff6877024] Ack server push request, request = NotifySubscriberRequest, requestId = 6
17:04:42.925 [main] INFO  c.n.s.RuoYiSystemApplication - [logStarted,61] - Started RuoYiSystemApplication in 18.89 seconds (JVM running for 21.998)
17:04:42.937 [main] INFO  c.a.c.n.r.NacosContextRefresher - [registerNacosListener,129] - [Nacos Config] Listening config: dataId=nfypro-system.yml, group=DEFAULT_GROUP
17:04:42.938 [main] INFO  c.a.c.n.r.NacosContextRefresher - [registerNacosListener,129] - [Nacos Config] Listening config: dataId=nfypro-system, group=DEFAULT_GROUP
17:04:42.939 [main] INFO  c.a.c.n.r.NacosContextRefresher - [registerNacosListener,129] - [Nacos Config] Listening config: dataId=nfypro-system-dev.yml, group=DEFAULT_GROUP
17:04:44.291 [RMI TCP Connection(7)-192.168.1.15] INFO  o.a.c.c.C.[.[.[/] - [log,173] - Initializing Spring DispatcherServlet 'dispatcherServlet'
21:46:02.356 [lettuce-nioEventLoop-4-1] INFO  i.l.c.p.CommandHandler - [log,217] - null Unexpected exception during request: java.io.IOException: 远程主机强迫关闭了一个现有的连接。
java.io.IOException: 远程主机强迫关闭了一个现有的连接。
	at sun.nio.ch.SocketDispatcher.read0(Native Method)
	at sun.nio.ch.SocketDispatcher.read(SocketDispatcher.java:43)
	at sun.nio.ch.IOUtil.readIntoNativeBuffer(IOUtil.java:223)
	at sun.nio.ch.IOUtil.read(IOUtil.java:192)
	at sun.nio.ch.SocketChannelImpl.read(SocketChannelImpl.java:378)
	at io.netty.buffer.PooledByteBuf.setBytes(PooledByteBuf.java:259)
	at io.netty.buffer.AbstractByteBuf.writeBytes(AbstractByteBuf.java:1132)
	at io.netty.channel.socket.nio.NioSocketChannel.doReadBytes(NioSocketChannel.java:357)
	at io.netty.channel.nio.AbstractNioByteChannel$NioByteUnsafe.read(AbstractNioByteChannel.java:151)
	at io.netty.channel.nio.NioEventLoop.processSelectedKey(NioEventLoop.java:788)
	at io.netty.channel.nio.NioEventLoop.processSelectedKeysOptimized(NioEventLoop.java:724)
	at io.netty.channel.nio.NioEventLoop.processSelectedKeys(NioEventLoop.java:650)
	at io.netty.channel.nio.NioEventLoop.run(NioEventLoop.java:562)
	at io.netty.util.concurrent.SingleThreadEventExecutor$4.run(SingleThreadEventExecutor.java:997)
	at io.netty.util.internal.ThreadExecutorMap$2.run(ThreadExecutorMap.java:74)
	at io.netty.util.concurrent.FastThreadLocalRunnable.run(FastThreadLocalRunnable.java:30)
	at java.lang.Thread.run(Thread.java:748)
21:46:02.392 [lettuce-nioEventLoop-4-2] INFO  i.l.c.p.CommandHandler - [log,217] - null Unexpected exception during request: java.io.IOException: 远程主机强迫关闭了一个现有的连接。
java.io.IOException: 远程主机强迫关闭了一个现有的连接。
	at sun.nio.ch.SocketDispatcher.read0(Native Method)
	at sun.nio.ch.SocketDispatcher.read(SocketDispatcher.java:43)
	at sun.nio.ch.IOUtil.readIntoNativeBuffer(IOUtil.java:223)
	at sun.nio.ch.IOUtil.read(IOUtil.java:192)
	at sun.nio.ch.SocketChannelImpl.read(SocketChannelImpl.java:378)
	at io.netty.buffer.PooledByteBuf.setBytes(PooledByteBuf.java:259)
	at io.netty.buffer.AbstractByteBuf.writeBytes(AbstractByteBuf.java:1132)
	at io.netty.channel.socket.nio.NioSocketChannel.doReadBytes(NioSocketChannel.java:357)
	at io.netty.channel.nio.AbstractNioByteChannel$NioByteUnsafe.read(AbstractNioByteChannel.java:151)
	at io.netty.channel.nio.NioEventLoop.processSelectedKey(NioEventLoop.java:788)
	at io.netty.channel.nio.NioEventLoop.processSelectedKeysOptimized(NioEventLoop.java:724)
	at io.netty.channel.nio.NioEventLoop.processSelectedKeys(NioEventLoop.java:650)
	at io.netty.channel.nio.NioEventLoop.run(NioEventLoop.java:562)
	at io.netty.util.concurrent.SingleThreadEventExecutor$4.run(SingleThreadEventExecutor.java:997)
	at io.netty.util.internal.ThreadExecutorMap$2.run(ThreadExecutorMap.java:74)
	at io.netty.util.concurrent.FastThreadLocalRunnable.run(FastThreadLocalRunnable.java:30)
	at java.lang.Thread.run(Thread.java:748)
21:46:02.479 [lettuce-eventExecutorLoop-1-1] INFO  i.l.c.p.ConnectionWatchdog - [log,171] - Reconnecting, last destination was /192.168.204.182:6379
21:46:02.479 [lettuce-eventExecutorLoop-1-2] INFO  i.l.c.p.ConnectionWatchdog - [log,171] - Reconnecting, last destination was /192.168.204.182:6379
21:46:12.556 [lettuce-eventExecutorLoop-1-4] INFO  i.l.c.p.ConnectionWatchdog - [log,171] - Reconnecting, last destination was 192.168.204.182:6379
21:46:12.556 [lettuce-eventExecutorLoop-1-3] INFO  i.l.c.p.ConnectionWatchdog - [log,171] - Reconnecting, last destination was 192.168.204.182:6379
21:46:22.654 [lettuce-eventExecutorLoop-1-5] INFO  i.l.c.p.ConnectionWatchdog - [log,171] - Reconnecting, last destination was 192.168.204.182:6379
21:46:22.654 [lettuce-eventExecutorLoop-1-6] INFO  i.l.c.p.ConnectionWatchdog - [log,171] - Reconnecting, last destination was 192.168.204.182:6379
21:46:32.754 [lettuce-eventExecutorLoop-1-7] INFO  i.l.c.p.ConnectionWatchdog - [log,171] - Reconnecting, last destination was 192.168.204.182:6379
21:46:32.755 [lettuce-eventExecutorLoop-1-8] INFO  i.l.c.p.ConnectionWatchdog - [log,171] - Reconnecting, last destination was 192.168.204.182:6379
21:46:42.854 [lettuce-eventExecutorLoop-1-1] INFO  i.l.c.p.ConnectionWatchdog - [log,171] - Reconnecting, last destination was 192.168.204.182:6379
21:46:42.854 [lettuce-eventExecutorLoop-1-2] INFO  i.l.c.p.ConnectionWatchdog - [log,171] - Reconnecting, last destination was 192.168.204.182:6379
21:46:52.953 [lettuce-eventExecutorLoop-1-4] INFO  i.l.c.p.ConnectionWatchdog - [log,171] - Reconnecting, last destination was 192.168.204.182:6379
21:46:52.953 [lettuce-eventExecutorLoop-1-3] INFO  i.l.c.p.ConnectionWatchdog - [log,171] - Reconnecting, last destination was 192.168.204.182:6379
21:47:03.062 [lettuce-eventExecutorLoop-1-7] INFO  i.l.c.p.ConnectionWatchdog - [log,171] - Reconnecting, last destination was 192.168.204.182:6379
21:47:03.062 [lettuce-eventExecutorLoop-1-8] INFO  i.l.c.p.ConnectionWatchdog - [log,171] - Reconnecting, last destination was 192.168.204.182:6379
21:47:13.254 [lettuce-eventExecutorLoop-1-4] INFO  i.l.c.p.ConnectionWatchdog - [log,171] - Reconnecting, last destination was 192.168.204.182:6379
21:47:13.254 [lettuce-eventExecutorLoop-1-3] INFO  i.l.c.p.ConnectionWatchdog - [log,171] - Reconnecting, last destination was 192.168.204.182:6379
21:47:23.553 [lettuce-eventExecutorLoop-1-7] INFO  i.l.c.p.ConnectionWatchdog - [log,171] - Reconnecting, last destination was 192.168.204.182:6379
21:47:23.553 [lettuce-eventExecutorLoop-1-8] INFO  i.l.c.p.ConnectionWatchdog - [log,171] - Reconnecting, last destination was 192.168.204.182:6379
21:47:34.156 [lettuce-eventExecutorLoop-1-3] INFO  i.l.c.p.ConnectionWatchdog - [log,171] - Reconnecting, last destination was 192.168.204.182:6379
21:47:34.156 [lettuce-eventExecutorLoop-1-4] INFO  i.l.c.p.ConnectionWatchdog - [log,171] - Reconnecting, last destination was 192.168.204.182:6379
21:47:45.255 [lettuce-eventExecutorLoop-1-7] INFO  i.l.c.p.ConnectionWatchdog - [log,171] - Reconnecting, last destination was 192.168.204.182:6379
21:47:45.255 [lettuce-eventExecutorLoop-1-8] INFO  i.l.c.p.ConnectionWatchdog - [log,171] - Reconnecting, last destination was 192.168.204.182:6379
21:47:57.354 [lettuce-eventExecutorLoop-1-4] INFO  i.l.c.p.ConnectionWatchdog - [log,171] - Reconnecting, last destination was 192.168.204.182:6379
21:47:57.354 [lettuce-eventExecutorLoop-1-3] INFO  i.l.c.p.ConnectionWatchdog - [log,171] - Reconnecting, last destination was 192.168.204.182:6379
21:48:11.562 [lettuce-eventExecutorLoop-1-7] INFO  i.l.c.p.ConnectionWatchdog - [log,171] - Reconnecting, last destination was 192.168.204.182:6379
21:48:11.562 [lettuce-eventExecutorLoop-1-8] INFO  i.l.c.p.ConnectionWatchdog - [log,171] - Reconnecting, last destination was 192.168.204.182:6379
21:48:29.860 [lettuce-eventExecutorLoop-1-5] INFO  i.l.c.p.ConnectionWatchdog - [log,171] - Reconnecting, last destination was 192.168.204.182:6379
21:48:29.860 [lettuce-eventExecutorLoop-1-6] INFO  i.l.c.p.ConnectionWatchdog - [log,171] - Reconnecting, last destination was 192.168.204.182:6379
21:48:56.359 [lettuce-eventExecutorLoop-1-4] INFO  i.l.c.p.ConnectionWatchdog - [log,171] - Reconnecting, last destination was 192.168.204.182:6379
21:48:56.359 [lettuce-eventExecutorLoop-1-3] INFO  i.l.c.p.ConnectionWatchdog - [log,171] - Reconnecting, last destination was 192.168.204.182:6379
21:49:36.453 [lettuce-eventExecutorLoop-1-4] INFO  i.l.c.p.ConnectionWatchdog - [log,171] - Reconnecting, last destination was 192.168.204.182:6379
21:49:36.453 [lettuce-eventExecutorLoop-1-3] INFO  i.l.c.p.ConnectionWatchdog - [log,171] - Reconnecting, last destination was 192.168.204.182:6379
21:50:16.559 [lettuce-eventExecutorLoop-1-7] INFO  i.l.c.p.ConnectionWatchdog - [log,171] - Reconnecting, last destination was 192.168.204.182:6379
21:50:16.559 [lettuce-eventExecutorLoop-1-8] INFO  i.l.c.p.ConnectionWatchdog - [log,171] - Reconnecting, last destination was 192.168.204.182:6379
21:50:56.658 [lettuce-eventExecutorLoop-1-3] INFO  i.l.c.p.ConnectionWatchdog - [log,171] - Reconnecting, last destination was 192.168.204.182:6379
21:50:56.658 [lettuce-eventExecutorLoop-1-4] INFO  i.l.c.p.ConnectionWatchdog - [log,171] - Reconnecting, last destination was 192.168.204.182:6379
21:51:36.753 [lettuce-eventExecutorLoop-1-7] INFO  i.l.c.p.ConnectionWatchdog - [log,171] - Reconnecting, last destination was 192.168.204.182:6379
21:51:36.753 [lettuce-eventExecutorLoop-1-8] INFO  i.l.c.p.ConnectionWatchdog - [log,171] - Reconnecting, last destination was 192.168.204.182:6379
21:52:16.858 [lettuce-eventExecutorLoop-1-4] INFO  i.l.c.p.ConnectionWatchdog - [log,171] - Reconnecting, last destination was 192.168.204.182:6379
21:52:16.858 [lettuce-eventExecutorLoop-1-3] INFO  i.l.c.p.ConnectionWatchdog - [log,171] - Reconnecting, last destination was 192.168.204.182:6379
21:52:56.958 [lettuce-eventExecutorLoop-1-7] INFO  i.l.c.p.ConnectionWatchdog - [log,171] - Reconnecting, last destination was 192.168.204.182:6379
21:52:56.958 [lettuce-eventExecutorLoop-1-8] INFO  i.l.c.p.ConnectionWatchdog - [log,171] - Reconnecting, last destination was 192.168.204.182:6379
21:53:37.056 [lettuce-eventExecutorLoop-1-3] INFO  i.l.c.p.ConnectionWatchdog - [log,171] - Reconnecting, last destination was 192.168.204.182:6379
21:53:37.056 [lettuce-eventExecutorLoop-1-4] INFO  i.l.c.p.ConnectionWatchdog - [log,171] - Reconnecting, last destination was 192.168.204.182:6379
21:54:17.153 [lettuce-eventExecutorLoop-1-7] INFO  i.l.c.p.ConnectionWatchdog - [log,171] - Reconnecting, last destination was 192.168.204.182:6379
21:54:17.153 [lettuce-eventExecutorLoop-1-8] INFO  i.l.c.p.ConnectionWatchdog - [log,171] - Reconnecting, last destination was 192.168.204.182:6379
21:54:57.254 [lettuce-eventExecutorLoop-1-4] INFO  i.l.c.p.ConnectionWatchdog - [log,171] - Reconnecting, last destination was 192.168.204.182:6379
21:54:57.254 [lettuce-eventExecutorLoop-1-3] INFO  i.l.c.p.ConnectionWatchdog - [log,171] - Reconnecting, last destination was 192.168.204.182:6379
21:55:37.355 [lettuce-eventExecutorLoop-1-8] INFO  i.l.c.p.ConnectionWatchdog - [log,171] - Reconnecting, last destination was 192.168.204.182:6379
21:55:37.355 [lettuce-eventExecutorLoop-1-7] INFO  i.l.c.p.ConnectionWatchdog - [log,171] - Reconnecting, last destination was 192.168.204.182:6379
21:56:17.456 [lettuce-eventExecutorLoop-1-4] INFO  i.l.c.p.ConnectionWatchdog - [log,171] - Reconnecting, last destination was 192.168.204.182:6379
21:56:17.456 [lettuce-eventExecutorLoop-1-3] INFO  i.l.c.p.ConnectionWatchdog - [log,171] - Reconnecting, last destination was 192.168.204.182:6379
21:56:57.562 [lettuce-eventExecutorLoop-1-8] INFO  i.l.c.p.ConnectionWatchdog - [log,171] - Reconnecting, last destination was 192.168.204.182:6379
21:56:57.562 [lettuce-eventExecutorLoop-1-7] INFO  i.l.c.p.ConnectionWatchdog - [log,171] - Reconnecting, last destination was 192.168.204.182:6379
21:57:37.659 [lettuce-eventExecutorLoop-1-4] INFO  i.l.c.p.ConnectionWatchdog - [log,171] - Reconnecting, last destination was 192.168.204.182:6379
21:57:37.658 [lettuce-eventExecutorLoop-1-3] INFO  i.l.c.p.ConnectionWatchdog - [log,171] - Reconnecting, last destination was 192.168.204.182:6379
21:58:17.759 [lettuce-eventExecutorLoop-1-7] INFO  i.l.c.p.ConnectionWatchdog - [log,171] - Reconnecting, last destination was 192.168.204.182:6379
21:58:17.758 [lettuce-eventExecutorLoop-1-8] INFO  i.l.c.p.ConnectionWatchdog - [log,171] - Reconnecting, last destination was 192.168.204.182:6379
21:58:57.863 [lettuce-eventExecutorLoop-1-4] INFO  i.l.c.p.ConnectionWatchdog - [log,171] - Reconnecting, last destination was 192.168.204.182:6379
21:58:57.863 [lettuce-eventExecutorLoop-1-3] INFO  i.l.c.p.ConnectionWatchdog - [log,171] - Reconnecting, last destination was 192.168.204.182:6379
21:59:37.954 [lettuce-eventExecutorLoop-1-8] INFO  i.l.c.p.ConnectionWatchdog - [log,171] - Reconnecting, last destination was 192.168.204.182:6379
21:59:37.954 [lettuce-eventExecutorLoop-1-7] INFO  i.l.c.p.ConnectionWatchdog - [log,171] - Reconnecting, last destination was 192.168.204.182:6379
22:00:18.054 [lettuce-eventExecutorLoop-1-4] INFO  i.l.c.p.ConnectionWatchdog - [log,171] - Reconnecting, last destination was 192.168.204.182:6379
22:00:18.054 [lettuce-eventExecutorLoop-1-3] INFO  i.l.c.p.ConnectionWatchdog - [log,171] - Reconnecting, last destination was 192.168.204.182:6379
22:00:58.160 [lettuce-eventExecutorLoop-1-8] INFO  i.l.c.p.ConnectionWatchdog - [log,171] - Reconnecting, last destination was 192.168.204.182:6379
22:00:58.160 [lettuce-eventExecutorLoop-1-7] INFO  i.l.c.p.ConnectionWatchdog - [log,171] - Reconnecting, last destination was 192.168.204.182:6379
22:01:38.253 [lettuce-eventExecutorLoop-1-4] INFO  i.l.c.p.ConnectionWatchdog - [log,171] - Reconnecting, last destination was 192.168.204.182:6379
22:01:38.253 [lettuce-eventExecutorLoop-1-3] INFO  i.l.c.p.ConnectionWatchdog - [log,171] - Reconnecting, last destination was 192.168.204.182:6379
22:02:18.354 [lettuce-eventExecutorLoop-1-7] INFO  i.l.c.p.ConnectionWatchdog - [log,171] - Reconnecting, last destination was 192.168.204.182:6379
22:02:18.354 [lettuce-eventExecutorLoop-1-8] INFO  i.l.c.p.ConnectionWatchdog - [log,171] - Reconnecting, last destination was 192.168.204.182:6379
22:02:58.456 [lettuce-eventExecutorLoop-1-4] INFO  i.l.c.p.ConnectionWatchdog - [log,171] - Reconnecting, last destination was 192.168.204.182:6379
22:02:58.456 [lettuce-eventExecutorLoop-1-3] INFO  i.l.c.p.ConnectionWatchdog - [log,171] - Reconnecting, last destination was 192.168.204.182:6379
22:03:38.553 [lettuce-eventExecutorLoop-1-8] INFO  i.l.c.p.ConnectionWatchdog - [log,171] - Reconnecting, last destination was 192.168.204.182:6379
22:03:38.553 [lettuce-eventExecutorLoop-1-7] INFO  i.l.c.p.ConnectionWatchdog - [log,171] - Reconnecting, last destination was 192.168.204.182:6379
22:04:18.655 [lettuce-eventExecutorLoop-1-4] INFO  i.l.c.p.ConnectionWatchdog - [log,171] - Reconnecting, last destination was 192.168.204.182:6379
22:04:18.655 [lettuce-eventExecutorLoop-1-3] INFO  i.l.c.p.ConnectionWatchdog - [log,171] - Reconnecting, last destination was 192.168.204.182:6379
22:04:58.754 [lettuce-eventExecutorLoop-1-8] INFO  i.l.c.p.ConnectionWatchdog - [log,171] - Reconnecting, last destination was 192.168.204.182:6379
22:04:58.754 [lettuce-eventExecutorLoop-1-7] INFO  i.l.c.p.ConnectionWatchdog - [log,171] - Reconnecting, last destination was 192.168.204.182:6379
22:05:38.856 [lettuce-eventExecutorLoop-1-4] INFO  i.l.c.p.ConnectionWatchdog - [log,171] - Reconnecting, last destination was 192.168.204.182:6379
22:05:38.856 [lettuce-eventExecutorLoop-1-3] INFO  i.l.c.p.ConnectionWatchdog - [log,171] - Reconnecting, last destination was 192.168.204.182:6379
22:06:18.961 [lettuce-eventExecutorLoop-1-8] INFO  i.l.c.p.ConnectionWatchdog - [log,171] - Reconnecting, last destination was 192.168.204.182:6379
22:06:18.961 [lettuce-eventExecutorLoop-1-7] INFO  i.l.c.p.ConnectionWatchdog - [log,171] - Reconnecting, last destination was 192.168.204.182:6379
22:06:59.056 [lettuce-eventExecutorLoop-1-4] INFO  i.l.c.p.ConnectionWatchdog - [log,171] - Reconnecting, last destination was 192.168.204.182:6379
22:06:59.056 [lettuce-eventExecutorLoop-1-3] INFO  i.l.c.p.ConnectionWatchdog - [log,171] - Reconnecting, last destination was 192.168.204.182:6379
22:07:39.154 [lettuce-eventExecutorLoop-1-7] INFO  i.l.c.p.ConnectionWatchdog - [log,171] - Reconnecting, last destination was 192.168.204.182:6379
22:07:39.154 [lettuce-eventExecutorLoop-1-8] INFO  i.l.c.p.ConnectionWatchdog - [log,171] - Reconnecting, last destination was 192.168.204.182:6379
22:08:19.254 [lettuce-eventExecutorLoop-1-4] INFO  i.l.c.p.ConnectionWatchdog - [log,171] - Reconnecting, last destination was 192.168.204.182:6379
22:08:19.254 [lettuce-eventExecutorLoop-1-3] INFO  i.l.c.p.ConnectionWatchdog - [log,171] - Reconnecting, last destination was 192.168.204.182:6379
22:08:59.354 [lettuce-eventExecutorLoop-1-8] INFO  i.l.c.p.ConnectionWatchdog - [log,171] - Reconnecting, last destination was 192.168.204.182:6379
22:08:59.354 [lettuce-eventExecutorLoop-1-7] INFO  i.l.c.p.ConnectionWatchdog - [log,171] - Reconnecting, last destination was 192.168.204.182:6379
22:09:39.453 [lettuce-eventExecutorLoop-1-4] INFO  i.l.c.p.ConnectionWatchdog - [log,171] - Reconnecting, last destination was 192.168.204.182:6379
22:09:39.453 [lettuce-eventExecutorLoop-1-3] INFO  i.l.c.p.ConnectionWatchdog - [log,171] - Reconnecting, last destination was 192.168.204.182:6379
22:10:19.554 [lettuce-eventExecutorLoop-1-8] INFO  i.l.c.p.ConnectionWatchdog - [log,171] - Reconnecting, last destination was 192.168.204.182:6379
22:10:19.554 [lettuce-eventExecutorLoop-1-7] INFO  i.l.c.p.ConnectionWatchdog - [log,171] - Reconnecting, last destination was 192.168.204.182:6379
22:10:59.658 [lettuce-eventExecutorLoop-1-4] INFO  i.l.c.p.ConnectionWatchdog - [log,171] - Reconnecting, last destination was 192.168.204.182:6379
22:10:59.658 [lettuce-eventExecutorLoop-1-3] INFO  i.l.c.p.ConnectionWatchdog - [log,171] - Reconnecting, last destination was 192.168.204.182:6379
22:11:39.755 [lettuce-eventExecutorLoop-1-7] INFO  i.l.c.p.ConnectionWatchdog - [log,171] - Reconnecting, last destination was 192.168.204.182:6379
22:11:39.755 [lettuce-eventExecutorLoop-1-8] INFO  i.l.c.p.ConnectionWatchdog - [log,171] - Reconnecting, last destination was 192.168.204.182:6379
22:12:19.855 [lettuce-eventExecutorLoop-1-3] INFO  i.l.c.p.ConnectionWatchdog - [log,171] - Reconnecting, last destination was 192.168.204.182:6379
22:12:19.855 [lettuce-eventExecutorLoop-1-4] INFO  i.l.c.p.ConnectionWatchdog - [log,171] - Reconnecting, last destination was 192.168.204.182:6379
22:12:59.953 [lettuce-eventExecutorLoop-1-8] INFO  i.l.c.p.ConnectionWatchdog - [log,171] - Reconnecting, last destination was 192.168.204.182:6379
22:12:59.953 [lettuce-eventExecutorLoop-1-7] INFO  i.l.c.p.ConnectionWatchdog - [log,171] - Reconnecting, last destination was 192.168.204.182:6379
22:13:40.061 [lettuce-eventExecutorLoop-1-4] INFO  i.l.c.p.ConnectionWatchdog - [log,171] - Reconnecting, last destination was 192.168.204.182:6379
22:13:40.061 [lettuce-eventExecutorLoop-1-3] INFO  i.l.c.p.ConnectionWatchdog - [log,171] - Reconnecting, last destination was 192.168.204.182:6379
22:14:20.158 [lettuce-eventExecutorLoop-1-8] INFO  i.l.c.p.ConnectionWatchdog - [log,171] - Reconnecting, last destination was 192.168.204.182:6379
22:14:20.158 [lettuce-eventExecutorLoop-1-7] INFO  i.l.c.p.ConnectionWatchdog - [log,171] - Reconnecting, last destination was 192.168.204.182:6379
22:15:00.254 [lettuce-eventExecutorLoop-1-3] INFO  i.l.c.p.ConnectionWatchdog - [log,171] - Reconnecting, last destination was 192.168.204.182:6379
22:15:00.254 [lettuce-eventExecutorLoop-1-4] INFO  i.l.c.p.ConnectionWatchdog - [log,171] - Reconnecting, last destination was 192.168.204.182:6379
22:15:40.358 [lettuce-eventExecutorLoop-1-7] INFO  i.l.c.p.ConnectionWatchdog - [log,171] - Reconnecting, last destination was 192.168.204.182:6379
22:15:40.358 [lettuce-eventExecutorLoop-1-8] INFO  i.l.c.p.ConnectionWatchdog - [log,171] - Reconnecting, last destination was 192.168.204.182:6379
22:16:20.458 [lettuce-eventExecutorLoop-1-4] INFO  i.l.c.p.ConnectionWatchdog - [log,171] - Reconnecting, last destination was 192.168.204.182:6379
22:16:20.458 [lettuce-eventExecutorLoop-1-3] INFO  i.l.c.p.ConnectionWatchdog - [log,171] - Reconnecting, last destination was 192.168.204.182:6379
22:17:00.554 [lettuce-eventExecutorLoop-1-7] INFO  i.l.c.p.ConnectionWatchdog - [log,171] - Reconnecting, last destination was 192.168.204.182:6379
22:17:00.554 [lettuce-eventExecutorLoop-1-8] INFO  i.l.c.p.ConnectionWatchdog - [log,171] - Reconnecting, last destination was 192.168.204.182:6379
22:17:40.655 [lettuce-eventExecutorLoop-1-4] INFO  i.l.c.p.ConnectionWatchdog - [log,171] - Reconnecting, last destination was 192.168.204.182:6379
22:17:40.655 [lettuce-eventExecutorLoop-1-3] INFO  i.l.c.p.ConnectionWatchdog - [log,171] - Reconnecting, last destination was 192.168.204.182:6379
22:18:20.754 [lettuce-eventExecutorLoop-1-8] INFO  i.l.c.p.ConnectionWatchdog - [log,171] - Reconnecting, last destination was 192.168.204.182:6379
22:18:20.754 [lettuce-eventExecutorLoop-1-7] INFO  i.l.c.p.ConnectionWatchdog - [log,171] - Reconnecting, last destination was 192.168.204.182:6379
22:19:00.858 [lettuce-eventExecutorLoop-1-4] INFO  i.l.c.p.ConnectionWatchdog - [log,171] - Reconnecting, last destination was 192.168.204.182:6379
22:19:00.858 [lettuce-eventExecutorLoop-1-3] INFO  i.l.c.p.ConnectionWatchdog - [log,171] - Reconnecting, last destination was 192.168.204.182:6379
22:19:40.954 [lettuce-eventExecutorLoop-1-8] INFO  i.l.c.p.ConnectionWatchdog - [log,171] - Reconnecting, last destination was 192.168.204.182:6379
22:19:40.954 [lettuce-eventExecutorLoop-1-7] INFO  i.l.c.p.ConnectionWatchdog - [log,171] - Reconnecting, last destination was 192.168.204.182:6379
22:20:21.054 [lettuce-eventExecutorLoop-1-4] INFO  i.l.c.p.ConnectionWatchdog - [log,171] - Reconnecting, last destination was 192.168.204.182:6379
22:20:21.054 [lettuce-eventExecutorLoop-1-3] INFO  i.l.c.p.ConnectionWatchdog - [log,171] - Reconnecting, last destination was 192.168.204.182:6379
22:21:01.154 [lettuce-eventExecutorLoop-1-7] INFO  i.l.c.p.ConnectionWatchdog - [log,171] - Reconnecting, last destination was 192.168.204.182:6379
22:21:01.154 [lettuce-eventExecutorLoop-1-8] INFO  i.l.c.p.ConnectionWatchdog - [log,171] - Reconnecting, last destination was 192.168.204.182:6379
22:21:41.258 [lettuce-eventExecutorLoop-1-3] INFO  i.l.c.p.ConnectionWatchdog - [log,171] - Reconnecting, last destination was 192.168.204.182:6379
22:21:41.258 [lettuce-eventExecutorLoop-1-4] INFO  i.l.c.p.ConnectionWatchdog - [log,171] - Reconnecting, last destination was 192.168.204.182:6379
22:22:21.353 [lettuce-eventExecutorLoop-1-8] INFO  i.l.c.p.ConnectionWatchdog - [log,171] - Reconnecting, last destination was 192.168.204.182:6379
22:22:21.353 [lettuce-eventExecutorLoop-1-7] INFO  i.l.c.p.ConnectionWatchdog - [log,171] - Reconnecting, last destination was 192.168.204.182:6379
22:23:01.455 [lettuce-eventExecutorLoop-1-4] INFO  i.l.c.p.ConnectionWatchdog - [log,171] - Reconnecting, last destination was 192.168.204.182:6379
22:23:01.455 [lettuce-eventExecutorLoop-1-3] INFO  i.l.c.p.ConnectionWatchdog - [log,171] - Reconnecting, last destination was 192.168.204.182:6379
22:23:41.554 [lettuce-eventExecutorLoop-1-8] INFO  i.l.c.p.ConnectionWatchdog - [log,171] - Reconnecting, last destination was 192.168.204.182:6379
22:23:41.554 [lettuce-eventExecutorLoop-1-7] INFO  i.l.c.p.ConnectionWatchdog - [log,171] - Reconnecting, last destination was 192.168.204.182:6379
22:24:21.655 [lettuce-eventExecutorLoop-1-4] INFO  i.l.c.p.ConnectionWatchdog - [log,171] - Reconnecting, last destination was 192.168.204.182:6379
22:24:21.655 [lettuce-eventExecutorLoop-1-3] INFO  i.l.c.p.ConnectionWatchdog - [log,171] - Reconnecting, last destination was 192.168.204.182:6379
22:25:01.759 [lettuce-eventExecutorLoop-1-8] INFO  i.l.c.p.ConnectionWatchdog - [log,171] - Reconnecting, last destination was 192.168.204.182:6379
22:25:01.759 [lettuce-eventExecutorLoop-1-7] INFO  i.l.c.p.ConnectionWatchdog - [log,171] - Reconnecting, last destination was 192.168.204.182:6379
22:25:41.853 [lettuce-eventExecutorLoop-1-3] INFO  i.l.c.p.ConnectionWatchdog - [log,171] - Reconnecting, last destination was 192.168.204.182:6379
22:25:41.853 [lettuce-eventExecutorLoop-1-4] INFO  i.l.c.p.ConnectionWatchdog - [log,171] - Reconnecting, last destination was 192.168.204.182:6379
22:26:21.954 [lettuce-eventExecutorLoop-1-7] INFO  i.l.c.p.ConnectionWatchdog - [log,171] - Reconnecting, last destination was 192.168.204.182:6379
22:26:21.954 [lettuce-eventExecutorLoop-1-8] INFO  i.l.c.p.ConnectionWatchdog - [log,171] - Reconnecting, last destination was 192.168.204.182:6379
22:27:02.054 [lettuce-eventExecutorLoop-1-4] INFO  i.l.c.p.ConnectionWatchdog - [log,171] - Reconnecting, last destination was 192.168.204.182:6379
22:27:02.054 [lettuce-eventExecutorLoop-1-3] INFO  i.l.c.p.ConnectionWatchdog - [log,171] - Reconnecting, last destination was 192.168.204.182:6379
22:27:42.159 [lettuce-eventExecutorLoop-1-8] INFO  i.l.c.p.ConnectionWatchdog - [log,171] - Reconnecting, last destination was 192.168.204.182:6379
22:27:42.159 [lettuce-eventExecutorLoop-1-7] INFO  i.l.c.p.ConnectionWatchdog - [log,171] - Reconnecting, last destination was 192.168.204.182:6379
22:28:22.253 [lettuce-eventExecutorLoop-1-4] INFO  i.l.c.p.ConnectionWatchdog - [log,171] - Reconnecting, last destination was 192.168.204.182:6379
22:28:22.253 [lettuce-eventExecutorLoop-1-3] INFO  i.l.c.p.ConnectionWatchdog - [log,171] - Reconnecting, last destination was 192.168.204.182:6379
22:29:02.361 [lettuce-eventExecutorLoop-1-8] INFO  i.l.c.p.ConnectionWatchdog - [log,171] - Reconnecting, last destination was 192.168.204.182:6379
22:29:02.361 [lettuce-eventExecutorLoop-1-7] INFO  i.l.c.p.ConnectionWatchdog - [log,171] - Reconnecting, last destination was 192.168.204.182:6379
22:29:42.457 [lettuce-eventExecutorLoop-1-3] INFO  i.l.c.p.ConnectionWatchdog - [log,171] - Reconnecting, last destination was 192.168.204.182:6379
22:29:42.457 [lettuce-eventExecutorLoop-1-4] INFO  i.l.c.p.ConnectionWatchdog - [log,171] - Reconnecting, last destination was 192.168.204.182:6379
22:30:22.563 [lettuce-eventExecutorLoop-1-7] INFO  i.l.c.p.ConnectionWatchdog - [log,171] - Reconnecting, last destination was 192.168.204.182:6379
22:30:22.563 [lettuce-eventExecutorLoop-1-8] INFO  i.l.c.p.ConnectionWatchdog - [log,171] - Reconnecting, last destination was 192.168.204.182:6379
22:31:02.661 [lettuce-eventExecutorLoop-1-3] INFO  i.l.c.p.ConnectionWatchdog - [log,171] - Reconnecting, last destination was 192.168.204.182:6379
22:31:02.661 [lettuce-eventExecutorLoop-1-4] INFO  i.l.c.p.ConnectionWatchdog - [log,171] - Reconnecting, last destination was 192.168.204.182:6379
22:31:42.756 [lettuce-eventExecutorLoop-1-8] INFO  i.l.c.p.ConnectionWatchdog - [log,171] - Reconnecting, last destination was 192.168.204.182:6379
22:31:42.756 [lettuce-eventExecutorLoop-1-7] INFO  i.l.c.p.ConnectionWatchdog - [log,171] - Reconnecting, last destination was 192.168.204.182:6379
22:32:22.855 [lettuce-eventExecutorLoop-1-4] INFO  i.l.c.p.ConnectionWatchdog - [log,171] - Reconnecting, last destination was 192.168.204.182:6379
22:32:22.855 [lettuce-eventExecutorLoop-1-3] INFO  i.l.c.p.ConnectionWatchdog - [log,171] - Reconnecting, last destination was 192.168.204.182:6379
22:33:02.954 [lettuce-eventExecutorLoop-1-8] INFO  i.l.c.p.ConnectionWatchdog - [log,171] - Reconnecting, last destination was 192.168.204.182:6379
22:33:02.954 [lettuce-eventExecutorLoop-1-7] INFO  i.l.c.p.ConnectionWatchdog - [log,171] - Reconnecting, last destination was 192.168.204.182:6379
22:33:43.054 [lettuce-eventExecutorLoop-1-3] INFO  i.l.c.p.ConnectionWatchdog - [log,171] - Reconnecting, last destination was 192.168.204.182:6379
22:33:43.054 [lettuce-eventExecutorLoop-1-4] INFO  i.l.c.p.ConnectionWatchdog - [log,171] - Reconnecting, last destination was 192.168.204.182:6379
22:34:23.161 [lettuce-eventExecutorLoop-1-8] INFO  i.l.c.p.ConnectionWatchdog - [log,171] - Reconnecting, last destination was 192.168.204.182:6379
22:34:23.161 [lettuce-eventExecutorLoop-1-7] INFO  i.l.c.p.ConnectionWatchdog - [log,171] - Reconnecting, last destination was 192.168.204.182:6379
22:35:03.254 [lettuce-eventExecutorLoop-1-3] INFO  i.l.c.p.ConnectionWatchdog - [log,171] - Reconnecting, last destination was 192.168.204.182:6379
22:35:03.254 [lettuce-eventExecutorLoop-1-4] INFO  i.l.c.p.ConnectionWatchdog - [log,171] - Reconnecting, last destination was 192.168.204.182:6379
22:35:43.355 [lettuce-eventExecutorLoop-1-7] INFO  i.l.c.p.ConnectionWatchdog - [log,171] - Reconnecting, last destination was 192.168.204.182:6379
22:35:43.355 [lettuce-eventExecutorLoop-1-8] INFO  i.l.c.p.ConnectionWatchdog - [log,171] - Reconnecting, last destination was 192.168.204.182:6379
22:36:23.454 [lettuce-eventExecutorLoop-1-3] INFO  i.l.c.p.ConnectionWatchdog - [log,171] - Reconnecting, last destination was 192.168.204.182:6379
22:36:23.454 [lettuce-eventExecutorLoop-1-4] INFO  i.l.c.p.ConnectionWatchdog - [log,171] - Reconnecting, last destination was 192.168.204.182:6379
22:37:03.558 [lettuce-eventExecutorLoop-1-8] INFO  i.l.c.p.ConnectionWatchdog - [log,171] - Reconnecting, last destination was 192.168.204.182:6379
22:37:03.558 [lettuce-eventExecutorLoop-1-7] INFO  i.l.c.p.ConnectionWatchdog - [log,171] - Reconnecting, last destination was 192.168.204.182:6379
22:37:43.658 [lettuce-eventExecutorLoop-1-3] INFO  i.l.c.p.ConnectionWatchdog - [log,171] - Reconnecting, last destination was 192.168.204.182:6379
22:37:43.658 [lettuce-eventExecutorLoop-1-4] INFO  i.l.c.p.ConnectionWatchdog - [log,171] - Reconnecting, last destination was 192.168.204.182:6379
22:38:23.754 [lettuce-eventExecutorLoop-1-8] INFO  i.l.c.p.ConnectionWatchdog - [log,171] - Reconnecting, last destination was 192.168.204.182:6379
22:38:23.754 [lettuce-eventExecutorLoop-1-7] INFO  i.l.c.p.ConnectionWatchdog - [log,171] - Reconnecting, last destination was 192.168.204.182:6379
22:39:03.854 [lettuce-eventExecutorLoop-1-4] INFO  i.l.c.p.ConnectionWatchdog - [log,171] - Reconnecting, last destination was 192.168.204.182:6379
22:39:03.854 [lettuce-eventExecutorLoop-1-3] INFO  i.l.c.p.ConnectionWatchdog - [log,171] - Reconnecting, last destination was 192.168.204.182:6379
22:39:43.958 [lettuce-eventExecutorLoop-1-7] INFO  i.l.c.p.ConnectionWatchdog - [log,171] - Reconnecting, last destination was 192.168.204.182:6379
22:39:43.960 [lettuce-eventExecutorLoop-1-8] INFO  i.l.c.p.ConnectionWatchdog - [log,171] - Reconnecting, last destination was 192.168.204.182:6379
22:40:24.064 [lettuce-eventExecutorLoop-1-3] INFO  i.l.c.p.ConnectionWatchdog - [log,171] - Reconnecting, last destination was 192.168.204.182:6379
22:40:24.064 [lettuce-eventExecutorLoop-1-4] INFO  i.l.c.p.ConnectionWatchdog - [log,171] - Reconnecting, last destination was 192.168.204.182:6379
22:41:04.161 [lettuce-eventExecutorLoop-1-8] INFO  i.l.c.p.ConnectionWatchdog - [log,171] - Reconnecting, last destination was 192.168.204.182:6379
22:41:04.161 [lettuce-eventExecutorLoop-1-7] INFO  i.l.c.p.ConnectionWatchdog - [log,171] - Reconnecting, last destination was 192.168.204.182:6379
22:41:44.254 [lettuce-eventExecutorLoop-1-4] INFO  i.l.c.p.ConnectionWatchdog - [log,171] - Reconnecting, last destination was 192.168.204.182:6379
22:41:44.254 [lettuce-eventExecutorLoop-1-3] INFO  i.l.c.p.ConnectionWatchdog - [log,171] - Reconnecting, last destination was 192.168.204.182:6379
22:42:24.355 [lettuce-eventExecutorLoop-1-7] INFO  i.l.c.p.ConnectionWatchdog - [log,171] - Reconnecting, last destination was 192.168.204.182:6379
22:42:24.355 [lettuce-eventExecutorLoop-1-8] INFO  i.l.c.p.ConnectionWatchdog - [log,171] - Reconnecting, last destination was 192.168.204.182:6379
22:43:04.455 [lettuce-eventExecutorLoop-1-3] INFO  i.l.c.p.ConnectionWatchdog - [log,171] - Reconnecting, last destination was 192.168.204.182:6379
22:43:04.455 [lettuce-eventExecutorLoop-1-4] INFO  i.l.c.p.ConnectionWatchdog - [log,171] - Reconnecting, last destination was 192.168.204.182:6379
22:43:44.554 [lettuce-eventExecutorLoop-1-8] INFO  i.l.c.p.ConnectionWatchdog - [log,171] - Reconnecting, last destination was 192.168.204.182:6379
22:43:44.554 [lettuce-eventExecutorLoop-1-7] INFO  i.l.c.p.ConnectionWatchdog - [log,171] - Reconnecting, last destination was 192.168.204.182:6379
22:44:24.656 [lettuce-eventExecutorLoop-1-4] INFO  i.l.c.p.ConnectionWatchdog - [log,171] - Reconnecting, last destination was 192.168.204.182:6379
22:44:24.656 [lettuce-eventExecutorLoop-1-3] INFO  i.l.c.p.ConnectionWatchdog - [log,171] - Reconnecting, last destination was 192.168.204.182:6379
22:45:04.759 [lettuce-eventExecutorLoop-1-7] INFO  i.l.c.p.ConnectionWatchdog - [log,171] - Reconnecting, last destination was 192.168.204.182:6379
22:45:04.759 [lettuce-eventExecutorLoop-1-8] INFO  i.l.c.p.ConnectionWatchdog - [log,171] - Reconnecting, last destination was 192.168.204.182:6379
22:45:44.861 [lettuce-eventExecutorLoop-1-4] INFO  i.l.c.p.ConnectionWatchdog - [log,171] - Reconnecting, last destination was 192.168.204.182:6379
22:45:44.861 [lettuce-eventExecutorLoop-1-3] INFO  i.l.c.p.ConnectionWatchdog - [log,171] - Reconnecting, last destination was 192.168.204.182:6379
22:46:24.957 [lettuce-eventExecutorLoop-1-8] INFO  i.l.c.p.ConnectionWatchdog - [log,171] - Reconnecting, last destination was 192.168.204.182:6379
22:46:24.957 [lettuce-eventExecutorLoop-1-7] INFO  i.l.c.p.ConnectionWatchdog - [log,171] - Reconnecting, last destination was 192.168.204.182:6379
22:47:05.054 [lettuce-eventExecutorLoop-1-3] INFO  i.l.c.p.ConnectionWatchdog - [log,171] - Reconnecting, last destination was 192.168.204.182:6379
22:47:05.054 [lettuce-eventExecutorLoop-1-4] INFO  i.l.c.p.ConnectionWatchdog - [log,171] - Reconnecting, last destination was 192.168.204.182:6379
22:47:45.156 [lettuce-eventExecutorLoop-1-7] INFO  i.l.c.p.ConnectionWatchdog - [log,171] - Reconnecting, last destination was 192.168.204.182:6379
22:47:45.156 [lettuce-eventExecutorLoop-1-8] INFO  i.l.c.p.ConnectionWatchdog - [log,171] - Reconnecting, last destination was 192.168.204.182:6379
22:48:25.255 [lettuce-eventExecutorLoop-1-3] INFO  i.l.c.p.ConnectionWatchdog - [log,171] - Reconnecting, last destination was 192.168.204.182:6379
22:48:25.255 [lettuce-eventExecutorLoop-1-4] INFO  i.l.c.p.ConnectionWatchdog - [log,171] - Reconnecting, last destination was 192.168.204.182:6379
22:49:05.354 [lettuce-eventExecutorLoop-1-7] INFO  i.l.c.p.ConnectionWatchdog - [log,171] - Reconnecting, last destination was 192.168.204.182:6379
22:49:05.354 [lettuce-eventExecutorLoop-1-8] INFO  i.l.c.p.ConnectionWatchdog - [log,171] - Reconnecting, last destination was 192.168.204.182:6379
22:49:45.453 [lettuce-eventExecutorLoop-1-4] INFO  i.l.c.p.ConnectionWatchdog - [log,171] - Reconnecting, last destination was 192.168.204.182:6379
22:49:45.453 [lettuce-eventExecutorLoop-1-3] INFO  i.l.c.p.ConnectionWatchdog - [log,171] - Reconnecting, last destination was 192.168.204.182:6379
22:50:25.554 [lettuce-eventExecutorLoop-1-8] INFO  i.l.c.p.ConnectionWatchdog - [log,171] - Reconnecting, last destination was 192.168.204.182:6379
22:50:25.554 [lettuce-eventExecutorLoop-1-7] INFO  i.l.c.p.ConnectionWatchdog - [log,171] - Reconnecting, last destination was 192.168.204.182:6379
22:51:05.663 [lettuce-eventExecutorLoop-1-4] INFO  i.l.c.p.ConnectionWatchdog - [log,171] - Reconnecting, last destination was 192.168.204.182:6379
22:51:05.663 [lettuce-eventExecutorLoop-1-3] INFO  i.l.c.p.ConnectionWatchdog - [log,171] - Reconnecting, last destination was 192.168.204.182:6379
22:51:45.761 [lettuce-eventExecutorLoop-1-7] INFO  i.l.c.p.ConnectionWatchdog - [log,171] - Reconnecting, last destination was 192.168.204.182:6379
22:51:45.761 [lettuce-eventExecutorLoop-1-8] INFO  i.l.c.p.ConnectionWatchdog - [log,171] - Reconnecting, last destination was 192.168.204.182:6379
22:52:25.860 [lettuce-eventExecutorLoop-1-4] INFO  i.l.c.p.ConnectionWatchdog - [log,171] - Reconnecting, last destination was 192.168.204.182:6379
22:52:25.860 [lettuce-eventExecutorLoop-1-3] INFO  i.l.c.p.ConnectionWatchdog - [log,171] - Reconnecting, last destination was 192.168.204.182:6379
22:53:05.957 [lettuce-eventExecutorLoop-1-8] INFO  i.l.c.p.ConnectionWatchdog - [log,171] - Reconnecting, last destination was 192.168.204.182:6379
22:53:05.957 [lettuce-eventExecutorLoop-1-7] INFO  i.l.c.p.ConnectionWatchdog - [log,171] - Reconnecting, last destination was 192.168.204.182:6379
22:53:46.053 [lettuce-eventExecutorLoop-1-4] INFO  i.l.c.p.ConnectionWatchdog - [log,171] - Reconnecting, last destination was 192.168.204.182:6379
22:53:46.053 [lettuce-eventExecutorLoop-1-3] INFO  i.l.c.p.ConnectionWatchdog - [log,171] - Reconnecting, last destination was 192.168.204.182:6379
22:54:26.158 [lettuce-eventExecutorLoop-1-8] INFO  i.l.c.p.ConnectionWatchdog - [log,171] - Reconnecting, last destination was 192.168.204.182:6379
22:54:26.158 [lettuce-eventExecutorLoop-1-7] INFO  i.l.c.p.ConnectionWatchdog - [log,171] - Reconnecting, last destination was 192.168.204.182:6379
22:55:06.254 [lettuce-eventExecutorLoop-1-3] INFO  i.l.c.p.ConnectionWatchdog - [log,171] - Reconnecting, last destination was 192.168.204.182:6379
22:55:06.254 [lettuce-eventExecutorLoop-1-4] INFO  i.l.c.p.ConnectionWatchdog - [log,171] - Reconnecting, last destination was 192.168.204.182:6379
22:55:46.359 [lettuce-eventExecutorLoop-1-7] INFO  i.l.c.p.ConnectionWatchdog - [log,171] - Reconnecting, last destination was 192.168.204.182:6379
22:55:46.359 [lettuce-eventExecutorLoop-1-8] INFO  i.l.c.p.ConnectionWatchdog - [log,171] - Reconnecting, last destination was 192.168.204.182:6379
22:56:26.454 [lettuce-eventExecutorLoop-1-4] INFO  i.l.c.p.ConnectionWatchdog - [log,171] - Reconnecting, last destination was 192.168.204.182:6379
22:56:26.454 [lettuce-eventExecutorLoop-1-3] INFO  i.l.c.p.ConnectionWatchdog - [log,171] - Reconnecting, last destination was 192.168.204.182:6379
22:57:06.558 [lettuce-eventExecutorLoop-1-7] INFO  i.l.c.p.ConnectionWatchdog - [log,171] - Reconnecting, last destination was 192.168.204.182:6379
22:57:06.558 [lettuce-eventExecutorLoop-1-8] INFO  i.l.c.p.ConnectionWatchdog - [log,171] - Reconnecting, last destination was 192.168.204.182:6379
22:57:46.660 [lettuce-eventExecutorLoop-1-3] INFO  i.l.c.p.ConnectionWatchdog - [log,171] - Reconnecting, last destination was 192.168.204.182:6379
22:57:46.660 [lettuce-eventExecutorLoop-1-4] INFO  i.l.c.p.ConnectionWatchdog - [log,171] - Reconnecting, last destination was 192.168.204.182:6379
22:58:26.757 [lettuce-eventExecutorLoop-1-7] INFO  i.l.c.p.ConnectionWatchdog - [log,171] - Reconnecting, last destination was 192.168.204.182:6379
22:58:26.757 [lettuce-eventExecutorLoop-1-8] INFO  i.l.c.p.ConnectionWatchdog - [log,171] - Reconnecting, last destination was 192.168.204.182:6379
22:59:06.869 [lettuce-eventExecutorLoop-1-3] INFO  i.l.c.p.ConnectionWatchdog - [log,171] - Reconnecting, last destination was 192.168.204.182:6379
22:59:06.869 [lettuce-eventExecutorLoop-1-4] INFO  i.l.c.p.ConnectionWatchdog - [log,171] - Reconnecting, last destination was 192.168.204.182:6379
22:59:46.955 [lettuce-eventExecutorLoop-1-7] INFO  i.l.c.p.ConnectionWatchdog - [log,171] - Reconnecting, last destination was 192.168.204.182:6379
22:59:46.955 [lettuce-eventExecutorLoop-1-8] INFO  i.l.c.p.ConnectionWatchdog - [log,171] - Reconnecting, last destination was 192.168.204.182:6379
23:00:27.061 [lettuce-eventExecutorLoop-1-4] INFO  i.l.c.p.ConnectionWatchdog - [log,171] - Reconnecting, last destination was 192.168.204.182:6379
23:00:27.061 [lettuce-eventExecutorLoop-1-3] INFO  i.l.c.p.ConnectionWatchdog - [log,171] - Reconnecting, last destination was 192.168.204.182:6379
23:01:07.153 [lettuce-eventExecutorLoop-1-8] INFO  i.l.c.p.ConnectionWatchdog - [log,171] - Reconnecting, last destination was 192.168.204.182:6379
23:01:07.153 [lettuce-eventExecutorLoop-1-7] INFO  i.l.c.p.ConnectionWatchdog - [log,171] - Reconnecting, last destination was 192.168.204.182:6379
23:01:47.263 [lettuce-eventExecutorLoop-1-3] INFO  i.l.c.p.ConnectionWatchdog - [log,171] - Reconnecting, last destination was 192.168.204.182:6379
23:01:47.263 [lettuce-eventExecutorLoop-1-4] INFO  i.l.c.p.ConnectionWatchdog - [log,171] - Reconnecting, last destination was 192.168.204.182:6379
23:02:27.360 [lettuce-eventExecutorLoop-1-8] INFO  i.l.c.p.ConnectionWatchdog - [log,171] - Reconnecting, last destination was 192.168.204.182:6379
23:02:27.360 [lettuce-eventExecutorLoop-1-7] INFO  i.l.c.p.ConnectionWatchdog - [log,171] - Reconnecting, last destination was 192.168.204.182:6379
23:03:07.457 [lettuce-eventExecutorLoop-1-3] INFO  i.l.c.p.ConnectionWatchdog - [log,171] - Reconnecting, last destination was 192.168.204.182:6379
23:03:07.457 [lettuce-eventExecutorLoop-1-4] INFO  i.l.c.p.ConnectionWatchdog - [log,171] - Reconnecting, last destination was 192.168.204.182:6379
23:03:47.554 [lettuce-eventExecutorLoop-1-8] INFO  i.l.c.p.ConnectionWatchdog - [log,171] - Reconnecting, last destination was 192.168.204.182:6379
23:03:47.554 [lettuce-eventExecutorLoop-1-7] INFO  i.l.c.p.ConnectionWatchdog - [log,171] - Reconnecting, last destination was 192.168.204.182:6379
23:04:27.653 [lettuce-eventExecutorLoop-1-3] INFO  i.l.c.p.ConnectionWatchdog - [log,171] - Reconnecting, last destination was 192.168.204.182:6379
23:04:27.653 [lettuce-eventExecutorLoop-1-4] INFO  i.l.c.p.ConnectionWatchdog - [log,171] - Reconnecting, last destination was 192.168.204.182:6379
23:05:07.757 [lettuce-eventExecutorLoop-1-8] INFO  i.l.c.p.ConnectionWatchdog - [log,171] - Reconnecting, last destination was 192.168.204.182:6379
23:05:07.757 [lettuce-eventExecutorLoop-1-7] INFO  i.l.c.p.ConnectionWatchdog - [log,171] - Reconnecting, last destination was 192.168.204.182:6379
23:05:47.860 [lettuce-eventExecutorLoop-1-3] INFO  i.l.c.p.ConnectionWatchdog - [log,171] - Reconnecting, last destination was 192.168.204.182:6379
23:05:47.860 [lettuce-eventExecutorLoop-1-4] INFO  i.l.c.p.ConnectionWatchdog - [log,171] - Reconnecting, last destination was 192.168.204.182:6379
23:06:27.954 [lettuce-eventExecutorLoop-1-7] INFO  i.l.c.p.ConnectionWatchdog - [log,171] - Reconnecting, last destination was 192.168.204.182:6379
23:06:27.954 [lettuce-eventExecutorLoop-1-8] INFO  i.l.c.p.ConnectionWatchdog - [log,171] - Reconnecting, last destination was 192.168.204.182:6379
23:07:08.053 [lettuce-eventExecutorLoop-1-3] INFO  i.l.c.p.ConnectionWatchdog - [log,171] - Reconnecting, last destination was 192.168.204.182:6379
23:07:08.053 [lettuce-eventExecutorLoop-1-4] INFO  i.l.c.p.ConnectionWatchdog - [log,171] - Reconnecting, last destination was 192.168.204.182:6379
23:07:48.154 [lettuce-eventExecutorLoop-1-8] INFO  i.l.c.p.ConnectionWatchdog - [log,171] - Reconnecting, last destination was 192.168.204.182:6379
23:07:48.154 [lettuce-eventExecutorLoop-1-7] INFO  i.l.c.p.ConnectionWatchdog - [log,171] - Reconnecting, last destination was 192.168.204.182:6379
23:08:28.253 [lettuce-eventExecutorLoop-1-4] INFO  i.l.c.p.ConnectionWatchdog - [log,171] - Reconnecting, last destination was 192.168.204.182:6379
23:08:28.253 [lettuce-eventExecutorLoop-1-3] INFO  i.l.c.p.ConnectionWatchdog - [log,171] - Reconnecting, last destination was 192.168.204.182:6379
23:09:08.358 [lettuce-eventExecutorLoop-1-8] INFO  i.l.c.p.ConnectionWatchdog - [log,171] - Reconnecting, last destination was 192.168.204.182:6379
23:09:08.358 [lettuce-eventExecutorLoop-1-7] INFO  i.l.c.p.ConnectionWatchdog - [log,171] - Reconnecting, last destination was 192.168.204.182:6379
23:09:48.456 [lettuce-eventExecutorLoop-1-3] INFO  i.l.c.p.ConnectionWatchdog - [log,171] - Reconnecting, last destination was 192.168.204.182:6379
23:09:48.456 [lettuce-eventExecutorLoop-1-4] INFO  i.l.c.p.ConnectionWatchdog - [log,171] - Reconnecting, last destination was 192.168.204.182:6379
23:10:28.556 [lettuce-eventExecutorLoop-1-8] INFO  i.l.c.p.ConnectionWatchdog - [log,171] - Reconnecting, last destination was 192.168.204.182:6379
23:10:28.556 [lettuce-eventExecutorLoop-1-7] INFO  i.l.c.p.ConnectionWatchdog - [log,171] - Reconnecting, last destination was 192.168.204.182:6379
23:11:08.659 [lettuce-eventExecutorLoop-1-3] INFO  i.l.c.p.ConnectionWatchdog - [log,171] - Reconnecting, last destination was 192.168.204.182:6379
23:11:08.659 [lettuce-eventExecutorLoop-1-4] INFO  i.l.c.p.ConnectionWatchdog - [log,171] - Reconnecting, last destination was 192.168.204.182:6379
23:11:48.754 [lettuce-eventExecutorLoop-1-8] INFO  i.l.c.p.ConnectionWatchdog - [log,171] - Reconnecting, last destination was 192.168.204.182:6379
23:11:48.754 [lettuce-eventExecutorLoop-1-7] INFO  i.l.c.p.ConnectionWatchdog - [log,171] - Reconnecting, last destination was 192.168.204.182:6379
23:12:28.853 [lettuce-eventExecutorLoop-1-3] INFO  i.l.c.p.ConnectionWatchdog - [log,171] - Reconnecting, last destination was 192.168.204.182:6379
23:12:28.853 [lettuce-eventExecutorLoop-1-4] INFO  i.l.c.p.ConnectionWatchdog - [log,171] - Reconnecting, last destination was 192.168.204.182:6379
23:13:08.954 [lettuce-eventExecutorLoop-1-8] INFO  i.l.c.p.ConnectionWatchdog - [log,171] - Reconnecting, last destination was 192.168.204.182:6379
23:13:08.954 [lettuce-eventExecutorLoop-1-7] INFO  i.l.c.p.ConnectionWatchdog - [log,171] - Reconnecting, last destination was 192.168.204.182:6379
23:13:49.061 [lettuce-eventExecutorLoop-1-4] INFO  i.l.c.p.ConnectionWatchdog - [log,171] - Reconnecting, last destination was 192.168.204.182:6379
23:13:49.061 [lettuce-eventExecutorLoop-1-3] INFO  i.l.c.p.ConnectionWatchdog - [log,171] - Reconnecting, last destination was 192.168.204.182:6379
23:14:29.155 [lettuce-eventExecutorLoop-1-8] INFO  i.l.c.p.ConnectionWatchdog - [log,171] - Reconnecting, last destination was 192.168.204.182:6379
23:14:29.155 [lettuce-eventExecutorLoop-1-7] INFO  i.l.c.p.ConnectionWatchdog - [log,171] - Reconnecting, last destination was 192.168.204.182:6379
23:15:09.255 [lettuce-eventExecutorLoop-1-4] INFO  i.l.c.p.ConnectionWatchdog - [log,171] - Reconnecting, last destination was 192.168.204.182:6379
23:15:09.255 [lettuce-eventExecutorLoop-1-3] INFO  i.l.c.p.ConnectionWatchdog - [log,171] - Reconnecting, last destination was 192.168.204.182:6379
23:15:49.354 [lettuce-eventExecutorLoop-1-8] INFO  i.l.c.p.ConnectionWatchdog - [log,171] - Reconnecting, last destination was 192.168.204.182:6379
23:15:49.354 [lettuce-eventExecutorLoop-1-7] INFO  i.l.c.p.ConnectionWatchdog - [log,171] - Reconnecting, last destination was 192.168.204.182:6379
23:16:29.453 [lettuce-eventExecutorLoop-1-3] INFO  i.l.c.p.ConnectionWatchdog - [log,171] - Reconnecting, last destination was 192.168.204.182:6379
23:16:29.453 [lettuce-eventExecutorLoop-1-4] INFO  i.l.c.p.ConnectionWatchdog - [log,171] - Reconnecting, last destination was 192.168.204.182:6379
23:17:09.559 [lettuce-eventExecutorLoop-1-7] INFO  i.l.c.p.ConnectionWatchdog - [log,171] - Reconnecting, last destination was 192.168.204.182:6379
23:17:09.559 [lettuce-eventExecutorLoop-1-8] INFO  i.l.c.p.ConnectionWatchdog - [log,171] - Reconnecting, last destination was 192.168.204.182:6379
23:17:49.654 [lettuce-eventExecutorLoop-1-4] INFO  i.l.c.p.ConnectionWatchdog - [log,171] - Reconnecting, last destination was 192.168.204.182:6379
23:17:49.654 [lettuce-eventExecutorLoop-1-3] INFO  i.l.c.p.ConnectionWatchdog - [log,171] - Reconnecting, last destination was 192.168.204.182:6379
23:18:29.754 [lettuce-eventExecutorLoop-1-7] INFO  i.l.c.p.ConnectionWatchdog - [log,171] - Reconnecting, last destination was 192.168.204.182:6379
23:18:29.754 [lettuce-eventExecutorLoop-1-8] INFO  i.l.c.p.ConnectionWatchdog - [log,171] - Reconnecting, last destination was 192.168.204.182:6379
23:19:09.864 [lettuce-eventExecutorLoop-1-3] INFO  i.l.c.p.ConnectionWatchdog - [log,171] - Reconnecting, last destination was 192.168.204.182:6379
23:19:09.864 [lettuce-eventExecutorLoop-1-4] INFO  i.l.c.p.ConnectionWatchdog - [log,171] - Reconnecting, last destination was 192.168.204.182:6379
23:19:49.958 [lettuce-eventExecutorLoop-1-7] INFO  i.l.c.p.ConnectionWatchdog - [log,171] - Reconnecting, last destination was 192.168.204.182:6379
23:19:49.958 [lettuce-eventExecutorLoop-1-8] INFO  i.l.c.p.ConnectionWatchdog - [log,171] - Reconnecting, last destination was 192.168.204.182:6379
23:20:30.053 [lettuce-eventExecutorLoop-1-3] INFO  i.l.c.p.ConnectionWatchdog - [log,171] - Reconnecting, last destination was 192.168.204.182:6379
23:20:30.053 [lettuce-eventExecutorLoop-1-4] INFO  i.l.c.p.ConnectionWatchdog - [log,171] - Reconnecting, last destination was 192.168.204.182:6379
23:21:10.160 [lettuce-eventExecutorLoop-1-8] INFO  i.l.c.p.ConnectionWatchdog - [log,171] - Reconnecting, last destination was 192.168.204.182:6379
23:21:10.160 [lettuce-eventExecutorLoop-1-7] INFO  i.l.c.p.ConnectionWatchdog - [log,171] - Reconnecting, last destination was 192.168.204.182:6379
23:21:50.259 [lettuce-eventExecutorLoop-1-3] INFO  i.l.c.p.ConnectionWatchdog - [log,171] - Reconnecting, last destination was 192.168.204.182:6379
23:21:50.259 [lettuce-eventExecutorLoop-1-4] INFO  i.l.c.p.ConnectionWatchdog - [log,171] - Reconnecting, last destination was 192.168.204.182:6379
23:22:30.355 [lettuce-eventExecutorLoop-1-7] INFO  i.l.c.p.ConnectionWatchdog - [log,171] - Reconnecting, last destination was 192.168.204.182:6379
23:22:30.355 [lettuce-eventExecutorLoop-1-8] INFO  i.l.c.p.ConnectionWatchdog - [log,171] - Reconnecting, last destination was 192.168.204.182:6379
23:23:10.457 [lettuce-eventExecutorLoop-1-4] INFO  i.l.c.p.ConnectionWatchdog - [log,171] - Reconnecting, last destination was 192.168.204.182:6379
23:23:10.457 [lettuce-eventExecutorLoop-1-3] INFO  i.l.c.p.ConnectionWatchdog - [log,171] - Reconnecting, last destination was 192.168.204.182:6379
23:23:50.554 [lettuce-eventExecutorLoop-1-7] INFO  i.l.c.p.ConnectionWatchdog - [log,171] - Reconnecting, last destination was 192.168.204.182:6379
23:23:50.554 [lettuce-eventExecutorLoop-1-8] INFO  i.l.c.p.ConnectionWatchdog - [log,171] - Reconnecting, last destination was 192.168.204.182:6379
23:24:30.662 [lettuce-eventExecutorLoop-1-4] INFO  i.l.c.p.ConnectionWatchdog - [log,171] - Reconnecting, last destination was 192.168.204.182:6379
23:24:30.662 [lettuce-eventExecutorLoop-1-3] INFO  i.l.c.p.ConnectionWatchdog - [log,171] - Reconnecting, last destination was 192.168.204.182:6379
23:25:10.754 [lettuce-eventExecutorLoop-1-8] INFO  i.l.c.p.ConnectionWatchdog - [log,171] - Reconnecting, last destination was 192.168.204.182:6379
23:25:10.754 [lettuce-eventExecutorLoop-1-7] INFO  i.l.c.p.ConnectionWatchdog - [log,171] - Reconnecting, last destination was 192.168.204.182:6379
23:25:50.854 [lettuce-eventExecutorLoop-1-3] INFO  i.l.c.p.ConnectionWatchdog - [log,171] - Reconnecting, last destination was 192.168.204.182:6379
23:25:50.854 [lettuce-eventExecutorLoop-1-4] INFO  i.l.c.p.ConnectionWatchdog - [log,171] - Reconnecting, last destination was 192.168.204.182:6379
23:26:30.954 [lettuce-eventExecutorLoop-1-7] INFO  i.l.c.p.ConnectionWatchdog - [log,171] - Reconnecting, last destination was 192.168.204.182:6379
23:26:30.954 [lettuce-eventExecutorLoop-1-8] INFO  i.l.c.p.ConnectionWatchdog - [log,171] - Reconnecting, last destination was 192.168.204.182:6379
23:27:11.062 [lettuce-eventExecutorLoop-1-3] INFO  i.l.c.p.ConnectionWatchdog - [log,171] - Reconnecting, last destination was 192.168.204.182:6379
23:27:11.062 [lettuce-eventExecutorLoop-1-4] INFO  i.l.c.p.ConnectionWatchdog - [log,171] - Reconnecting, last destination was 192.168.204.182:6379
23:27:51.154 [lettuce-eventExecutorLoop-1-7] INFO  i.l.c.p.ConnectionWatchdog - [log,171] - Reconnecting, last destination was 192.168.204.182:6379
23:27:51.154 [lettuce-eventExecutorLoop-1-8] INFO  i.l.c.p.ConnectionWatchdog - [log,171] - Reconnecting, last destination was 192.168.204.182:6379
23:28:31.254 [lettuce-eventExecutorLoop-1-3] INFO  i.l.c.p.ConnectionWatchdog - [log,171] - Reconnecting, last destination was 192.168.204.182:6379
23:28:31.254 [lettuce-eventExecutorLoop-1-4] INFO  i.l.c.p.ConnectionWatchdog - [log,171] - Reconnecting, last destination was 192.168.204.182:6379
23:29:11.354 [lettuce-eventExecutorLoop-1-8] INFO  i.l.c.p.ConnectionWatchdog - [log,171] - Reconnecting, last destination was 192.168.204.182:6379
23:29:11.354 [lettuce-eventExecutorLoop-1-7] INFO  i.l.c.p.ConnectionWatchdog - [log,171] - Reconnecting, last destination was 192.168.204.182:6379
23:29:51.457 [lettuce-eventExecutorLoop-1-4] INFO  i.l.c.p.ConnectionWatchdog - [log,171] - Reconnecting, last destination was 192.168.204.182:6379
23:29:51.457 [lettuce-eventExecutorLoop-1-3] INFO  i.l.c.p.ConnectionWatchdog - [log,171] - Reconnecting, last destination was 192.168.204.182:6379
23:30:31.557 [lettuce-eventExecutorLoop-1-8] INFO  i.l.c.p.ConnectionWatchdog - [log,171] - Reconnecting, last destination was 192.168.204.182:6379
23:30:31.557 [lettuce-eventExecutorLoop-1-7] INFO  i.l.c.p.ConnectionWatchdog - [log,171] - Reconnecting, last destination was 192.168.204.182:6379
23:31:11.668 [lettuce-eventExecutorLoop-1-3] INFO  i.l.c.p.ConnectionWatchdog - [log,171] - Reconnecting, last destination was 192.168.204.182:6379
23:31:11.668 [lettuce-eventExecutorLoop-1-4] INFO  i.l.c.p.ConnectionWatchdog - [log,171] - Reconnecting, last destination was 192.168.204.182:6379
23:31:51.754 [lettuce-eventExecutorLoop-1-7] INFO  i.l.c.p.ConnectionWatchdog - [log,171] - Reconnecting, last destination was 192.168.204.182:6379
23:31:51.754 [lettuce-eventExecutorLoop-1-8] INFO  i.l.c.p.ConnectionWatchdog - [log,171] - Reconnecting, last destination was 192.168.204.182:6379
23:32:31.854 [lettuce-eventExecutorLoop-1-3] INFO  i.l.c.p.ConnectionWatchdog - [log,171] - Reconnecting, last destination was 192.168.204.182:6379
23:32:31.854 [lettuce-eventExecutorLoop-1-4] INFO  i.l.c.p.ConnectionWatchdog - [log,171] - Reconnecting, last destination was 192.168.204.182:6379
23:33:11.956 [lettuce-eventExecutorLoop-1-7] INFO  i.l.c.p.ConnectionWatchdog - [log,171] - Reconnecting, last destination was 192.168.204.182:6379
23:33:11.956 [lettuce-eventExecutorLoop-1-8] INFO  i.l.c.p.ConnectionWatchdog - [log,171] - Reconnecting, last destination was 192.168.204.182:6379
23:33:52.057 [lettuce-eventExecutorLoop-1-3] INFO  i.l.c.p.ConnectionWatchdog - [log,171] - Reconnecting, last destination was 192.168.204.182:6379
23:33:52.057 [lettuce-eventExecutorLoop-1-4] INFO  i.l.c.p.ConnectionWatchdog - [log,171] - Reconnecting, last destination was 192.168.204.182:6379
23:34:32.159 [lettuce-eventExecutorLoop-1-8] INFO  i.l.c.p.ConnectionWatchdog - [log,171] - Reconnecting, last destination was 192.168.204.182:6379
23:34:32.159 [lettuce-eventExecutorLoop-1-7] INFO  i.l.c.p.ConnectionWatchdog - [log,171] - Reconnecting, last destination was 192.168.204.182:6379
23:35:12.255 [lettuce-eventExecutorLoop-1-4] INFO  i.l.c.p.ConnectionWatchdog - [log,171] - Reconnecting, last destination was 192.168.204.182:6379
23:35:12.255 [lettuce-eventExecutorLoop-1-3] INFO  i.l.c.p.ConnectionWatchdog - [log,171] - Reconnecting, last destination was 192.168.204.182:6379
23:35:52.354 [lettuce-eventExecutorLoop-1-7] INFO  i.l.c.p.ConnectionWatchdog - [log,171] - Reconnecting, last destination was 192.168.204.182:6379
23:35:52.354 [lettuce-eventExecutorLoop-1-8] INFO  i.l.c.p.ConnectionWatchdog - [log,171] - Reconnecting, last destination was 192.168.204.182:6379
23:36:32.454 [lettuce-eventExecutorLoop-1-3] INFO  i.l.c.p.ConnectionWatchdog - [log,171] - Reconnecting, last destination was 192.168.204.182:6379
23:36:32.454 [lettuce-eventExecutorLoop-1-4] INFO  i.l.c.p.ConnectionWatchdog - [log,171] - Reconnecting, last destination was 192.168.204.182:6379
23:37:12.554 [lettuce-eventExecutorLoop-1-7] INFO  i.l.c.p.ConnectionWatchdog - [log,171] - Reconnecting, last destination was 192.168.204.182:6379
23:37:12.554 [lettuce-eventExecutorLoop-1-8] INFO  i.l.c.p.ConnectionWatchdog - [log,171] - Reconnecting, last destination was 192.168.204.182:6379
23:37:52.654 [lettuce-eventExecutorLoop-1-4] INFO  i.l.c.p.ConnectionWatchdog - [log,171] - Reconnecting, last destination was 192.168.204.182:6379
23:37:52.654 [lettuce-eventExecutorLoop-1-3] INFO  i.l.c.p.ConnectionWatchdog - [log,171] - Reconnecting, last destination was 192.168.204.182:6379
23:38:32.761 [lettuce-eventExecutorLoop-1-8] INFO  i.l.c.p.ConnectionWatchdog - [log,171] - Reconnecting, last destination was 192.168.204.182:6379
23:38:32.761 [lettuce-eventExecutorLoop-1-7] INFO  i.l.c.p.ConnectionWatchdog - [log,171] - Reconnecting, last destination was 192.168.204.182:6379
23:39:12.853 [lettuce-eventExecutorLoop-1-3] INFO  i.l.c.p.ConnectionWatchdog - [log,171] - Reconnecting, last destination was 192.168.204.182:6379
23:39:12.853 [lettuce-eventExecutorLoop-1-4] INFO  i.l.c.p.ConnectionWatchdog - [log,171] - Reconnecting, last destination was 192.168.204.182:6379
23:39:52.954 [lettuce-eventExecutorLoop-1-7] INFO  i.l.c.p.ConnectionWatchdog - [log,171] - Reconnecting, last destination was 192.168.204.182:6379
23:39:52.954 [lettuce-eventExecutorLoop-1-8] INFO  i.l.c.p.ConnectionWatchdog - [log,171] - Reconnecting, last destination was 192.168.204.182:6379
23:40:33.062 [lettuce-eventExecutorLoop-1-4] INFO  i.l.c.p.ConnectionWatchdog - [log,171] - Reconnecting, last destination was 192.168.204.182:6379
23:40:33.062 [lettuce-eventExecutorLoop-1-3] INFO  i.l.c.p.ConnectionWatchdog - [log,171] - Reconnecting, last destination was 192.168.204.182:6379
23:41:13.161 [lettuce-eventExecutorLoop-1-7] INFO  i.l.c.p.ConnectionWatchdog - [log,171] - Reconnecting, last destination was 192.168.204.182:6379
23:41:13.161 [lettuce-eventExecutorLoop-1-8] INFO  i.l.c.p.ConnectionWatchdog - [log,171] - Reconnecting, last destination was 192.168.204.182:6379
23:41:53.254 [lettuce-eventExecutorLoop-1-4] INFO  i.l.c.p.ConnectionWatchdog - [log,171] - Reconnecting, last destination was 192.168.204.182:6379
23:41:53.254 [lettuce-eventExecutorLoop-1-3] INFO  i.l.c.p.ConnectionWatchdog - [log,171] - Reconnecting, last destination was 192.168.204.182:6379
23:42:33.357 [lettuce-eventExecutorLoop-1-7] INFO  i.l.c.p.ConnectionWatchdog - [log,171] - Reconnecting, last destination was 192.168.204.182:6379
23:42:33.357 [lettuce-eventExecutorLoop-1-8] INFO  i.l.c.p.ConnectionWatchdog - [log,171] - Reconnecting, last destination was 192.168.204.182:6379
23:43:13.453 [lettuce-eventExecutorLoop-1-3] INFO  i.l.c.p.ConnectionWatchdog - [log,171] - Reconnecting, last destination was 192.168.204.182:6379
23:43:13.453 [lettuce-eventExecutorLoop-1-4] INFO  i.l.c.p.ConnectionWatchdog - [log,171] - Reconnecting, last destination was 192.168.204.182:6379
23:43:53.561 [lettuce-eventExecutorLoop-1-8] INFO  i.l.c.p.ConnectionWatchdog - [log,171] - Reconnecting, last destination was 192.168.204.182:6379
23:43:53.561 [lettuce-eventExecutorLoop-1-7] INFO  i.l.c.p.ConnectionWatchdog - [log,171] - Reconnecting, last destination was 192.168.204.182:6379
23:44:33.655 [lettuce-eventExecutorLoop-1-4] INFO  i.l.c.p.ConnectionWatchdog - [log,171] - Reconnecting, last destination was 192.168.204.182:6379
23:44:33.655 [lettuce-eventExecutorLoop-1-3] INFO  i.l.c.p.ConnectionWatchdog - [log,171] - Reconnecting, last destination was 192.168.204.182:6379
23:45:13.754 [lettuce-eventExecutorLoop-1-8] INFO  i.l.c.p.ConnectionWatchdog - [log,171] - Reconnecting, last destination was 192.168.204.182:6379
23:45:13.754 [lettuce-eventExecutorLoop-1-7] INFO  i.l.c.p.ConnectionWatchdog - [log,171] - Reconnecting, last destination was 192.168.204.182:6379
23:45:53.862 [lettuce-eventExecutorLoop-1-4] INFO  i.l.c.p.ConnectionWatchdog - [log,171] - Reconnecting, last destination was 192.168.204.182:6379
23:45:53.862 [lettuce-eventExecutorLoop-1-3] INFO  i.l.c.p.ConnectionWatchdog - [log,171] - Reconnecting, last destination was 192.168.204.182:6379
23:46:33.961 [lettuce-eventExecutorLoop-1-8] INFO  i.l.c.p.ConnectionWatchdog - [log,171] - Reconnecting, last destination was 192.168.204.182:6379
23:46:33.961 [lettuce-eventExecutorLoop-1-7] INFO  i.l.c.p.ConnectionWatchdog - [log,171] - Reconnecting, last destination was 192.168.204.182:6379
23:47:14.054 [lettuce-eventExecutorLoop-1-4] INFO  i.l.c.p.ConnectionWatchdog - [log,171] - Reconnecting, last destination was 192.168.204.182:6379
23:47:14.054 [lettuce-eventExecutorLoop-1-3] INFO  i.l.c.p.ConnectionWatchdog - [log,171] - Reconnecting, last destination was 192.168.204.182:6379
23:47:54.154 [lettuce-eventExecutorLoop-1-7] INFO  i.l.c.p.ConnectionWatchdog - [log,171] - Reconnecting, last destination was 192.168.204.182:6379
23:47:54.154 [lettuce-eventExecutorLoop-1-8] INFO  i.l.c.p.ConnectionWatchdog - [log,171] - Reconnecting, last destination was 192.168.204.182:6379
23:48:34.255 [lettuce-eventExecutorLoop-1-3] INFO  i.l.c.p.ConnectionWatchdog - [log,171] - Reconnecting, last destination was 192.168.204.182:6379
23:48:34.255 [lettuce-eventExecutorLoop-1-4] INFO  i.l.c.p.ConnectionWatchdog - [log,171] - Reconnecting, last destination was 192.168.204.182:6379
23:49:14.354 [lettuce-eventExecutorLoop-1-7] INFO  i.l.c.p.ConnectionWatchdog - [log,171] - Reconnecting, last destination was 192.168.204.182:6379
23:49:14.354 [lettuce-eventExecutorLoop-1-8] INFO  i.l.c.p.ConnectionWatchdog - [log,171] - Reconnecting, last destination was 192.168.204.182:6379
23:49:54.454 [lettuce-eventExecutorLoop-1-3] INFO  i.l.c.p.ConnectionWatchdog - [log,171] - Reconnecting, last destination was 192.168.204.182:6379
23:49:54.454 [lettuce-eventExecutorLoop-1-4] INFO  i.l.c.p.ConnectionWatchdog - [log,171] - Reconnecting, last destination was 192.168.204.182:6379
23:50:34.554 [lettuce-eventExecutorLoop-1-8] INFO  i.l.c.p.ConnectionWatchdog - [log,171] - Reconnecting, last destination was 192.168.204.182:6379
23:50:34.554 [lettuce-eventExecutorLoop-1-7] INFO  i.l.c.p.ConnectionWatchdog - [log,171] - Reconnecting, last destination was 192.168.204.182:6379
23:51:14.655 [lettuce-eventExecutorLoop-1-3] INFO  i.l.c.p.ConnectionWatchdog - [log,171] - Reconnecting, last destination was 192.168.204.182:6379
23:51:14.655 [lettuce-eventExecutorLoop-1-4] INFO  i.l.c.p.ConnectionWatchdog - [log,171] - Reconnecting, last destination was 192.168.204.182:6379
